{"/home/travis/build/npmtest/node-npmtest-replpad/test.js":{"path":"/home/travis/build/npmtest/node-npmtest-replpad/test.js","s":{"1":2,"2":2,"3":2,"4":2,"5":2,"6":2,"7":2,"8":1,"9":2,"10":2,"11":1,"12":1,"13":1,"14":1,"15":2,"16":2,"17":2,"18":2,"19":1,"20":1,"21":2,"22":2,"23":2,"24":1,"25":1,"26":1,"27":1,"28":1,"29":1,"30":1,"31":1,"32":1,"33":1,"34":1,"35":1,"36":1,"37":1,"38":1,"39":2,"40":2,"41":1,"42":2,"43":2,"44":1,"45":2,"46":2,"47":1,"48":2,"49":2,"50":1,"51":1,"52":1,"53":1,"54":1},"b":{"1":[2,1,1,1],"2":[1,1,1,1],"3":[1,1],"4":[1,1],"5":[1,1],"6":[1,1],"7":[1,1],"8":[1,1],"9":[1,1],"10":[1,1,1],"11":[1,1],"12":[1,1],"13":[1,1],"14":[1,1],"15":[1,1],"16":[1,1],"17":[1,1]},"f":{"1":2,"2":2,"3":2,"4":2,"5":2,"6":1,"7":1,"8":1,"9":2,"10":2,"11":2,"12":2,"13":1},"fnMap":{"1":{"name":"(anonymous_1)","line":12,"loc":{"start":{"line":12,"column":1},"end":{"line":12,"column":13}}},"2":{"name":"(anonymous_2)","line":19,"loc":{"start":{"line":19,"column":5},"end":{"line":19,"column":17}}},"3":{"name":"(anonymous_3)","line":23,"loc":{"start":{"line":23,"column":24},"end":{"line":23,"column":36}}},"4":{"name":"(anonymous_4)","line":61,"loc":{"start":{"line":61,"column":5},"end":{"line":61,"column":17}}},"5":{"name":"(anonymous_5)","line":82,"loc":{"start":{"line":82,"column":5},"end":{"line":82,"column":17}}},"6":{"name":"(anonymous_6)","line":91,"loc":{"start":{"line":91,"column":77},"end":{"line":94,"column":10}}},"7":{"name":"(anonymous_7)","line":112,"loc":{"start":{"line":112,"column":83},"end":{"line":115,"column":10}},"skip":true},"8":{"name":"(anonymous_8)","line":123,"loc":{"start":{"line":123,"column":77},"end":{"line":126,"column":10}},"skip":true},"9":{"name":"(anonymous_9)","line":139,"loc":{"start":{"line":139,"column":12},"end":{"line":139,"column":40}},"skip":true},"10":{"name":"(anonymous_10)","line":147,"loc":{"start":{"line":147,"column":77},"end":{"line":150,"column":10}},"skip":true},"11":{"name":"(anonymous_11)","line":158,"loc":{"start":{"line":158,"column":83},"end":{"line":161,"column":10}},"skip":true},"12":{"name":"(anonymous_12)","line":169,"loc":{"start":{"line":169,"column":79},"end":{"line":172,"column":10}},"skip":true},"13":{"name":"(anonymous_13)","line":180,"loc":{"start":{"line":180,"column":75},"end":{"line":183,"column":10}},"skip":true}},"statementMap":{"1":{"start":{"line":12,"column":0},"end":{"line":195,"column":5}},"2":{"start":{"line":14,"column":4},"end":{"line":14,"column":14}},"3":{"start":{"line":19,"column":4},"end":{"line":56,"column":9}},"4":{"start":{"line":21,"column":8},"end":{"line":21,"column":19}},"5":{"start":{"line":23,"column":8},"end":{"line":35,"column":13}},"6":{"start":{"line":24,"column":12},"end":{"line":34,"column":13}},"7":{"start":{"line":25,"column":16},"end":{"line":28,"column":30}},"8":{"start":{"line":30,"column":16},"end":{"line":33,"column":27}},"9":{"start":{"line":37,"column":8},"end":{"line":39,"column":21}},"10":{"start":{"line":40,"column":8},"end":{"line":53,"column":9}},"11":{"start":{"line":43,"column":12},"end":{"line":46,"column":14}},"12":{"start":{"line":47,"column":12},"end":{"line":47,"column":18}},"13":{"start":{"line":50,"column":12},"end":{"line":51,"column":46}},"14":{"start":{"line":52,"column":12},"end":{"line":52,"column":18}},"15":{"start":{"line":55,"column":8},"end":{"line":55,"column":35}},"16":{"start":{"line":61,"column":4},"end":{"line":63,"column":9}},"17":{"start":{"line":62,"column":8},"end":{"line":62,"column":15}},"18":{"start":{"line":64,"column":4},"end":{"line":77,"column":5}},"19":{"start":{"line":70,"column":8},"end":{"line":70,"column":14}},"20":{"start":{"line":76,"column":8},"end":{"line":76,"column":14}},"21":{"start":{"line":82,"column":4},"end":{"line":84,"column":9}},"22":{"start":{"line":83,"column":8},"end":{"line":83,"column":15}},"23":{"start":{"line":85,"column":4},"end":{"line":194,"column":5}},"24":{"start":{"line":91,"column":8},"end":{"line":99,"column":10}},"25":{"start":{"line":98,"column":12},"end":{"line":98,"column":35}},"26":{"start":{"line":102,"column":8},"end":{"line":104,"column":63}},"27":{"start":{"line":105,"column":8},"end":{"line":105,"column":14}},"28":{"start":{"line":112,"column":8},"end":{"line":121,"column":10},"skip":true},"29":{"start":{"line":119,"column":12},"end":{"line":119,"column":55},"skip":true},"30":{"start":{"line":120,"column":12},"end":{"line":120,"column":48},"skip":true},"31":{"start":{"line":123,"column":8},"end":{"line":136,"column":10},"skip":true},"32":{"start":{"line":130,"column":12},"end":{"line":130,"column":76},"skip":true},"33":{"start":{"line":131,"column":12},"end":{"line":131,"column":73},"skip":true},"34":{"start":{"line":132,"column":12},"end":{"line":132,"column":74},"skip":true},"35":{"start":{"line":133,"column":12},"end":{"line":133,"column":79},"skip":true},"36":{"start":{"line":134,"column":12},"end":{"line":134,"column":25},"skip":true},"37":{"start":{"line":135,"column":12},"end":{"line":135,"column":45},"skip":true},"38":{"start":{"line":138,"column":8},"end":{"line":145,"column":14},"skip":true},"39":{"start":{"line":143,"column":16},"end":{"line":143,"column":29},"skip":true},"40":{"start":{"line":144,"column":16},"end":{"line":144,"column":55},"skip":true},"41":{"start":{"line":147,"column":8},"end":{"line":156,"column":10},"skip":true},"42":{"start":{"line":154,"column":12},"end":{"line":154,"column":25},"skip":true},"43":{"start":{"line":155,"column":12},"end":{"line":155,"column":45},"skip":true},"44":{"start":{"line":158,"column":8},"end":{"line":167,"column":10},"skip":true},"45":{"start":{"line":165,"column":12},"end":{"line":165,"column":25},"skip":true},"46":{"start":{"line":166,"column":12},"end":{"line":166,"column":48},"skip":true},"47":{"start":{"line":169,"column":8},"end":{"line":178,"column":10},"skip":true},"48":{"start":{"line":176,"column":12},"end":{"line":176,"column":25},"skip":true},"49":{"start":{"line":177,"column":12},"end":{"line":177,"column":46},"skip":true},"50":{"start":{"line":180,"column":8},"end":{"line":189,"column":10},"skip":true},"51":{"start":{"line":187,"column":12},"end":{"line":187,"column":94},"skip":true},"52":{"start":{"line":188,"column":12},"end":{"line":188,"column":48},"skip":true},"53":{"start":{"line":192,"column":8},"end":{"line":192,"column":35},"skip":true},"54":{"start":{"line":193,"column":8},"end":{"line":193,"column":14},"skip":true}},"branchMap":{"1":{"line":25,"type":"binary-expr","locations":[{"start":{"line":25,"column":23},"end":{"line":25,"column":62}},{"start":{"line":26,"column":20},"end":{"line":26,"column":70}},{"start":{"line":27,"column":20},"end":{"line":27,"column":71}},{"start":{"line":28,"column":20},"end":{"line":28,"column":29}}]},"2":{"line":30,"type":"binary-expr","locations":[{"start":{"line":30,"column":23},"end":{"line":30,"column":37}},{"start":{"line":31,"column":20},"end":{"line":31,"column":61}},{"start":{"line":32,"column":20},"end":{"line":32,"column":70}},{"start":{"line":33,"column":20},"end":{"line":33,"column":26}}]},"3":{"line":37,"type":"cond-expr","locations":[{"start":{"line":38,"column":14},"end":{"line":38,"column":20}},{"start":{"line":39,"column":14},"end":{"line":39,"column":20}}]},"4":{"line":40,"type":"switch","locations":[{"start":{"line":42,"column":8},"end":{"line":47,"column":18}},{"start":{"line":49,"column":8},"end":{"line":52,"column":18}}]},"5":{"line":44,"type":"binary-expr","locations":[{"start":{"line":44,"column":16},"end":{"line":44,"column":44}},{"start":{"line":44,"column":48},"end":{"line":44,"column":66}}]},"6":{"line":50,"type":"binary-expr","locations":[{"start":{"line":50,"column":21},"end":{"line":50,"column":49}},{"start":{"line":50,"column":53},"end":{"line":50,"column":72}}]},"7":{"line":64,"type":"switch","locations":[{"start":{"line":69,"column":4},"end":{"line":70,"column":14}},{"start":{"line":75,"column":4},"end":{"line":76,"column":14}}]},"8":{"line":85,"type":"switch","locations":[{"start":{"line":90,"column":4},"end":{"line":105,"column":14}},{"start":{"line":111,"column":4},"end":{"line":193,"column":14},"skip":true}]},"9":{"line":91,"type":"binary-expr","locations":[{"start":{"line":91,"column":42},"end":{"line":91,"column":73}},{"start":{"line":91,"column":77},"end":{"line":99,"column":9}}]},"10":{"line":102,"type":"binary-expr","locations":[{"start":{"line":102,"column":18},"end":{"line":102,"column":32}},{"start":{"line":103,"column":12},"end":{"line":103,"column":53}},{"start":{"line":104,"column":12},"end":{"line":104,"column":61}}]},"11":{"line":112,"type":"binary-expr","locations":[{"start":{"line":112,"column":45},"end":{"line":112,"column":79},"skip":true},{"start":{"line":112,"column":83},"end":{"line":121,"column":9},"skip":true}]},"12":{"line":123,"type":"binary-expr","locations":[{"start":{"line":123,"column":42},"end":{"line":123,"column":73},"skip":true},{"start":{"line":123,"column":77},"end":{"line":136,"column":9},"skip":true}]},"13":{"line":138,"type":"binary-expr","locations":[{"start":{"line":138,"column":48},"end":{"line":138,"column":85},"skip":true},{"start":{"line":139,"column":12},"end":{"line":145,"column":13},"skip":true}]},"14":{"line":147,"type":"binary-expr","locations":[{"start":{"line":147,"column":42},"end":{"line":147,"column":73},"skip":true},{"start":{"line":147,"column":77},"end":{"line":156,"column":9},"skip":true}]},"15":{"line":158,"type":"binary-expr","locations":[{"start":{"line":158,"column":45},"end":{"line":158,"column":79},"skip":true},{"start":{"line":158,"column":83},"end":{"line":167,"column":9},"skip":true}]},"16":{"line":169,"type":"binary-expr","locations":[{"start":{"line":169,"column":43},"end":{"line":169,"column":75},"skip":true},{"start":{"line":169,"column":79},"end":{"line":178,"column":9},"skip":true}]},"17":{"line":180,"type":"binary-expr","locations":[{"start":{"line":180,"column":41},"end":{"line":180,"column":71},"skip":true},{"start":{"line":180,"column":75},"end":{"line":189,"column":9},"skip":true}]}},"code":["/* istanbul instrument in package npmtest_replpad */","/*jslint","    bitwise: true,","    browser: true,","    maxerr: 8,","    maxlen: 96,","    node: true,","    nomen: true,","    regexp: true,","    stupid: true","*/","(function () {","    'use strict';","    var local;","","","","    // run shared js-env code - pre-init","    (function () {","        // init local","        local = {};","        // init modeJs","        local.modeJs = (function () {","            try {","                return typeof navigator.userAgent === 'string' &&","                    typeof document.querySelector('body') === 'object' &&","                    typeof XMLHttpRequest.prototype.open === 'function' &&","                    'browser';","            } catch (errorCaughtBrowser) {","                return module.exports &&","                    typeof process.versions.node === 'string' &&","                    typeof require('http').createServer === 'function' &&","                    'node';","            }","        }());","        // init global","        local.global = local.modeJs === 'browser'","            ? window","            : global;","        switch (local.modeJs) {","        // re-init local from window.local","        case 'browser':","            local = local.global.utility2.objectSetDefault(","                local.global.utility2_rollup || local.global.local,","                local.global.utility2","            );","            break;","        // re-init local from example.js","        case 'node':","            local = (local.global.utility2_rollup || require('utility2'))","                .requireExampleJsFromReadme();","            break;","        }","        // export local","        local.global.local = local;","    }());","","","","    // run shared js-env code - function","    (function () {","        return;","    }());","    switch (local.modeJs) {","","","","    // run browser js-env code - function","    case 'browser':","        break;","","","","    // run node js-env code - function","    case 'node':","        break;","    }","","","","    // run shared js-env code - post-init","    (function () {","        return;","    }());","    switch (local.modeJs) {","","","","    // run browser js-env code - post-init","    case 'browser':","        local.testCase_browser_nullCase = local.testCase_browser_nullCase || function (","            options,","            onError","        ) {","        /*","         * this function will test browsers's null-case handling-behavior-behavior","         */","            onError(null, options);","        };","","        // run tests","        local.nop(local.modeTest &&","            document.querySelector('#testRunButton1') &&","            document.querySelector('#testRunButton1').click());","        break;","","","","    // run node js-env code - post-init","    /* istanbul ignore next */","    case 'node':","        local.testCase_buildApidoc_default = local.testCase_buildApidoc_default || function (","            options,","            onError","        ) {","        /*","         * this function will test buildApidoc's default handling-behavior-behavior","         */","            options = { modulePathList: module.paths };","            local.buildApidoc(options, onError);","        };","","        local.testCase_buildApp_default = local.testCase_buildApp_default || function (","            options,","            onError","        ) {","        /*","         * this function will test buildApp's default handling-behavior-behavior","         */","            local.testCase_buildReadme_default(options, local.onErrorThrow);","            local.testCase_buildLib_default(options, local.onErrorThrow);","            local.testCase_buildTest_default(options, local.onErrorThrow);","            local.testCase_buildCustomOrg_default(options, local.onErrorThrow);","            options = [];","            local.buildApp(options, onError);","        };","","        local.testCase_buildCustomOrg_default = local.testCase_buildCustomOrg_default ||","            function (options, onError) {","            /*","             * this function will test buildCustomOrg's default handling-behavior","             */","                options = {};","                local.buildCustomOrg(options, onError);","            };","","        local.testCase_buildLib_default = local.testCase_buildLib_default || function (","            options,","            onError","        ) {","        /*","         * this function will test buildLib's default handling-behavior","         */","            options = {};","            local.buildLib(options, onError);","        };","","        local.testCase_buildReadme_default = local.testCase_buildReadme_default || function (","            options,","            onError","        ) {","        /*","         * this function will test buildReadme's default handling-behavior-behavior","         */","            options = {};","            local.buildReadme(options, onError);","        };","","        local.testCase_buildTest_default = local.testCase_buildTest_default || function (","            options,","            onError","        ) {","        /*","         * this function will test buildTest's default handling-behavior","         */","            options = {};","            local.buildTest(options, onError);","        };","","        local.testCase_webpage_default = local.testCase_webpage_default || function (","            options,","            onError","        ) {","        /*","         * this function will test webpage's default handling-behavior","         */","            options = { modeCoverageMerge: true, url: local.serverLocalHost + '?modeTest=1' };","            local.browserTest(options, onError);","        };","","        // run test-server","        local.testRunServer(local);","        break;","    }","}());",""],"l":{"12":2,"14":2,"19":2,"21":2,"23":2,"24":2,"25":2,"30":1,"37":2,"40":2,"43":1,"47":1,"50":1,"52":1,"55":2,"61":2,"62":2,"64":2,"70":1,"76":1,"82":2,"83":2,"85":2,"91":1,"98":1,"102":1,"105":1,"112":1,"119":1,"120":1,"123":1,"130":1,"131":1,"132":1,"133":1,"134":1,"135":1,"138":1,"143":2,"144":2,"147":1,"154":2,"155":2,"158":1,"165":2,"166":2,"169":1,"176":2,"177":2,"180":1,"187":1,"188":1,"192":1,"193":1}},"/home/travis/build/npmtest/node-npmtest-replpad/lib.npmtest_replpad.js":{"path":"/home/travis/build/npmtest/node-npmtest-replpad/lib.npmtest_replpad.js","s":{"1":2,"2":2,"3":2,"4":2,"5":2,"6":2,"7":2,"8":1,"9":2,"10":2,"11":2,"12":2,"13":1,"14":1,"15":1,"16":1},"b":{"1":[2,1,1,1],"2":[1,1,1,1],"3":[1,1],"4":[2,2],"5":[1,1]},"f":{"1":2,"2":2,"3":2},"fnMap":{"1":{"name":"(anonymous_1)","line":12,"loc":{"start":{"line":12,"column":1},"end":{"line":12,"column":13}}},"2":{"name":"(anonymous_2)","line":19,"loc":{"start":{"line":19,"column":5},"end":{"line":19,"column":17}}},"3":{"name":"(anonymous_3)","line":23,"loc":{"start":{"line":23,"column":24},"end":{"line":23,"column":36}}}},"statementMap":{"1":{"start":{"line":12,"column":0},"end":{"line":53,"column":5}},"2":{"start":{"line":14,"column":4},"end":{"line":14,"column":14}},"3":{"start":{"line":19,"column":4},"end":{"line":52,"column":9}},"4":{"start":{"line":21,"column":8},"end":{"line":21,"column":19}},"5":{"start":{"line":23,"column":8},"end":{"line":35,"column":13}},"6":{"start":{"line":24,"column":12},"end":{"line":34,"column":13}},"7":{"start":{"line":25,"column":16},"end":{"line":28,"column":30}},"8":{"start":{"line":30,"column":16},"end":{"line":33,"column":27}},"9":{"start":{"line":37,"column":8},"end":{"line":39,"column":21}},"10":{"start":{"line":41,"column":8},"end":{"line":41,"column":54}},"11":{"start":{"line":43,"column":8},"end":{"line":43,"column":52}},"12":{"start":{"line":45,"column":8},"end":{"line":51,"column":9}},"13":{"start":{"line":46,"column":12},"end":{"line":46,"column":58}},"14":{"start":{"line":48,"column":12},"end":{"line":48,"column":35}},"15":{"start":{"line":49,"column":12},"end":{"line":49,"column":49}},"16":{"start":{"line":50,"column":12},"end":{"line":50,"column":43}}},"branchMap":{"1":{"line":25,"type":"binary-expr","locations":[{"start":{"line":25,"column":23},"end":{"line":25,"column":62}},{"start":{"line":26,"column":20},"end":{"line":26,"column":70}},{"start":{"line":27,"column":20},"end":{"line":27,"column":71}},{"start":{"line":28,"column":20},"end":{"line":28,"column":29}}]},"2":{"line":30,"type":"binary-expr","locations":[{"start":{"line":30,"column":23},"end":{"line":30,"column":37}},{"start":{"line":31,"column":20},"end":{"line":31,"column":61}},{"start":{"line":32,"column":20},"end":{"line":32,"column":70}},{"start":{"line":33,"column":20},"end":{"line":33,"column":26}}]},"3":{"line":37,"type":"cond-expr","locations":[{"start":{"line":38,"column":14},"end":{"line":38,"column":20}},{"start":{"line":39,"column":14},"end":{"line":39,"column":20}}]},"4":{"line":41,"type":"binary-expr","locations":[{"start":{"line":41,"column":16},"end":{"line":41,"column":44}},{"start":{"line":41,"column":48},"end":{"line":41,"column":53}}]},"5":{"line":45,"type":"if","locations":[{"start":{"line":45,"column":8},"end":{"line":45,"column":8}},{"start":{"line":45,"column":8},"end":{"line":45,"column":8}}]}},"code":["/* istanbul instrument in package npmtest_replpad */","/*jslint","    bitwise: true,","    browser: true,","    maxerr: 8,","    maxlen: 96,","    node: true,","    nomen: true,","    regexp: true,","    stupid: true","*/","(function () {","    'use strict';","    var local;","","","","    // run shared js-env code - pre-init","    (function () {","        // init local","        local = {};","        // init modeJs","        local.modeJs = (function () {","            try {","                return typeof navigator.userAgent === 'string' &&","                    typeof document.querySelector('body') === 'object' &&","                    typeof XMLHttpRequest.prototype.open === 'function' &&","                    'browser';","            } catch (errorCaughtBrowser) {","                return module.exports &&","                    typeof process.versions.node === 'string' &&","                    typeof require('http').createServer === 'function' &&","                    'node';","            }","        }());","        // init global","        local.global = local.modeJs === 'browser'","            ? window","            : global;","        // init utility2_rollup","        local = local.global.utility2_rollup || local;","        // init lib","        local.local = local.npmtest_replpad = local;","        // init exports","        if (local.modeJs === 'browser') {","            local.global.utility2_npmtest_replpad = local;","        } else {","            module.exports = local;","            module.exports.__dirname = __dirname;","            module.exports.module = module;","        }","    }());","}());",""],"l":{"12":2,"14":2,"19":2,"21":2,"23":2,"24":2,"25":2,"30":1,"37":2,"41":2,"43":2,"45":2,"46":1,"48":1,"49":1,"50":1}},"/home/travis/build/npmtest/node-npmtest-replpad/example.js":{"path":"/home/travis/build/npmtest/node-npmtest-replpad/example.js","s":{"1":2,"2":2,"3":2,"4":2,"5":2,"6":2,"7":2,"8":1,"9":2,"10":2,"11":2,"12":2,"13":1,"14":2,"15":2,"16":2,"17":2,"18":2,"19":0,"20":2,"21":1,"22":1,"23":1,"24":1,"25":1,"26":0,"27":0,"28":1,"29":1,"30":2,"31":0,"32":0,"33":0,"34":1,"35":2,"36":2,"37":3,"38":3,"39":3,"40":3,"41":0,"42":3,"43":3,"44":3,"45":1,"46":3,"47":1,"48":1,"49":1,"50":1,"51":1,"52":1,"53":1,"54":1,"55":1,"56":1,"57":0,"58":1,"59":6,"60":6,"61":1,"62":2,"63":0,"64":2,"65":1,"66":1,"67":0,"68":0,"69":0,"70":0,"71":0,"72":0,"73":0,"74":0,"75":0,"76":0,"77":0,"78":0,"79":0,"80":0,"81":0,"82":0,"83":0},"b":{"1":[2,1,1,1],"2":[1,1,1,1],"3":[1,1],"4":[2,2],"5":[1,1],"6":[1,1],"7":[2,0],"8":[2,1,1,1,1,1],"9":[0,2,0],"10":[1,1],"11":[2,1,1],"12":[1,0],"13":[0,2],"14":[2,0,0,0,0,0,0],"15":[0,3],"16":[3,0],"17":[1,1],"18":[0,1],"19":[1,2,0,2],"20":[1,0],"21":[1,1],"22":[0,0],"23":[0,0],"24":[0,0],"25":[0,0],"26":[0,0],"27":[0,0],"28":[0,0]},"f":{"1":2,"2":2,"3":2,"4":2,"5":2,"6":2,"7":3,"8":3,"9":3,"10":1,"11":6,"12":0},"fnMap":{"1":{"name":"(anonymous_1)","line":26,"loc":{"start":{"line":26,"column":1},"end":{"line":26,"column":13}}},"2":{"name":"(anonymous_2)","line":33,"loc":{"start":{"line":33,"column":5},"end":{"line":33,"column":17}}},"3":{"name":"(anonymous_3)","line":37,"loc":{"start":{"line":37,"column":24},"end":{"line":37,"column":36}}},"4":{"name":"(anonymous_4)","line":69,"loc":{"start":{"line":69,"column":31},"end":{"line":69,"column":48}},"skip":true},"5":{"name":"(anonymous_5)","line":78,"loc":{"start":{"line":78,"column":26},"end":{"line":78,"column":45}},"skip":true},"6":{"name":"(anonymous_6)","line":123,"loc":{"start":{"line":123,"column":33},"end":{"line":123,"column":48}},"skip":true},"7":{"name":"(anonymous_7)","line":125,"loc":{"start":{"line":125,"column":27},"end":{"line":125,"column":39}},"skip":true},"8":{"name":"(anonymous_8)","line":133,"loc":{"start":{"line":133,"column":59},"end":{"line":133,"column":74}},"skip":true},"9":{"name":"(anonymous_9)","line":143,"loc":{"start":{"line":143,"column":45},"end":{"line":143,"column":62}},"skip":true},"10":{"name":"(anonymous_10)","line":144,"loc":{"start":{"line":144,"column":73},"end":{"line":144,"column":92}},"skip":true},"11":{"name":"(anonymous_11)","line":272,"loc":{"start":{"line":272,"column":51},"end":{"line":272,"column":77}},"skip":true},"12":{"name":"(anonymous_12)","line":315,"loc":{"start":{"line":315,"column":32},"end":{"line":315,"column":61}},"skip":true}},"statementMap":{"1":{"start":{"line":26,"column":0},"end":{"line":326,"column":5}},"2":{"start":{"line":28,"column":4},"end":{"line":28,"column":14}},"3":{"start":{"line":33,"column":4},"end":{"line":60,"column":9}},"4":{"start":{"line":35,"column":8},"end":{"line":35,"column":19}},"5":{"start":{"line":37,"column":8},"end":{"line":49,"column":13}},"6":{"start":{"line":38,"column":12},"end":{"line":48,"column":13}},"7":{"start":{"line":39,"column":16},"end":{"line":42,"column":30}},"8":{"start":{"line":44,"column":16},"end":{"line":47,"column":27}},"9":{"start":{"line":51,"column":8},"end":{"line":53,"column":21}},"10":{"start":{"line":55,"column":8},"end":{"line":57,"column":45}},"11":{"start":{"line":59,"column":8},"end":{"line":59,"column":35}},"12":{"start":{"line":61,"column":4},"end":{"line":325,"column":5}},"13":{"start":{"line":69,"column":8},"end":{"line":121,"column":10},"skip":true},"14":{"start":{"line":70,"column":12},"end":{"line":88,"column":13},"skip":true},"15":{"start":{"line":76,"column":16},"end":{"line":87,"column":19},"skip":true},"16":{"start":{"line":79,"column":20},"end":{"line":86,"column":21},"skip":true},"17":{"start":{"line":82,"column":24},"end":{"line":82,"column":43},"skip":true},"18":{"start":{"line":83,"column":24},"end":{"line":83,"column":30},"skip":true},"19":{"start":{"line":85,"column":24},"end":{"line":85,"column":49},"skip":true},"20":{"start":{"line":89,"column":12},"end":{"line":107,"column":13},"skip":true},"21":{"start":{"line":92,"column":16},"end":{"line":102,"column":17},"skip":true},"22":{"start":{"line":93,"column":20},"end":{"line":93,"column":86},"skip":true},"23":{"start":{"line":94,"column":20},"end":{"line":95,"column":45},"skip":true},"24":{"start":{"line":96,"column":20},"end":{"line":96,"column":42},"skip":true},"25":{"start":{"line":97,"column":20},"end":{"line":97,"column":48},"skip":true},"26":{"start":{"line":100,"column":20},"end":{"line":100,"column":85},"skip":true},"27":{"start":{"line":101,"column":20},"end":{"line":101,"column":96},"skip":true},"28":{"start":{"line":103,"column":16},"end":{"line":103,"column":22},"skip":true},"29":{"start":{"line":106,"column":16},"end":{"line":106,"column":22},"skip":true},"30":{"start":{"line":108,"column":12},"end":{"line":120,"column":13},"skip":true},"31":{"start":{"line":114,"column":16},"end":{"line":119,"column":17},"skip":true},"32":{"start":{"line":116,"column":20},"end":{"line":116,"column":78},"skip":true},"33":{"start":{"line":118,"column":20},"end":{"line":118,"column":47},"skip":true},"34":{"start":{"line":123,"column":8},"end":{"line":141,"column":11},"skip":true},"35":{"start":{"line":124,"column":12},"end":{"line":124,"column":54},"skip":true},"36":{"start":{"line":125,"column":12},"end":{"line":140,"column":14},"skip":true},"37":{"start":{"line":126,"column":16},"end":{"line":126,"column":28},"skip":true},"38":{"start":{"line":127,"column":16},"end":{"line":127,"column":69},"skip":true},"39":{"start":{"line":128,"column":16},"end":{"line":128,"column":75},"skip":true},"40":{"start":{"line":129,"column":16},"end":{"line":131,"column":17},"skip":true},"41":{"start":{"line":130,"column":20},"end":{"line":130,"column":27},"skip":true},"42":{"start":{"line":133,"column":16},"end":{"line":137,"column":36},"skip":true},"43":{"start":{"line":134,"column":20},"end":{"line":136,"column":55},"skip":true},"44":{"start":{"line":139,"column":16},"end":{"line":139,"column":57},"skip":true},"45":{"start":{"line":143,"column":8},"end":{"line":147,"column":11},"skip":true},"46":{"start":{"line":144,"column":12},"end":{"line":146,"column":15},"skip":true},"47":{"start":{"line":145,"column":16},"end":{"line":145,"column":70},"skip":true},"48":{"start":{"line":149,"column":8},"end":{"line":149,"column":31},"skip":true},"49":{"start":{"line":150,"column":8},"end":{"line":150,"column":14},"skip":true},"50":{"start":{"line":158,"column":8},"end":{"line":158,"column":31},"skip":true},"51":{"start":{"line":160,"column":8},"end":{"line":160,"column":33},"skip":true},"52":{"start":{"line":161,"column":8},"end":{"line":161,"column":37},"skip":true},"53":{"start":{"line":162,"column":8},"end":{"line":162,"column":35},"skip":true},"54":{"start":{"line":164,"column":8},"end":{"line":164,"column":50},"skip":true},"55":{"start":{"line":166,"column":8},"end":{"line":256,"column":2},"skip":true},"56":{"start":{"line":258,"column":8},"end":{"line":286,"column":9},"skip":true},"57":{"start":{"line":259,"column":12},"end":{"line":269,"column":14},"skip":true},"58":{"start":{"line":271,"column":12},"end":{"line":285,"column":19},"skip":true},"59":{"start":{"line":274,"column":20},"end":{"line":274,"column":35},"skip":true},"60":{"start":{"line":275,"column":20},"end":{"line":284,"column":21},"skip":true},"61":{"start":{"line":277,"column":24},"end":{"line":277,"column":64},"skip":true},"62":{"start":{"line":279,"column":24},"end":{"line":279,"column":40},"skip":true},"63":{"start":{"line":281,"column":24},"end":{"line":281,"column":40},"skip":true},"64":{"start":{"line":283,"column":24},"end":{"line":283,"column":39},"skip":true},"65":{"start":{"line":288,"column":8},"end":{"line":290,"column":9},"skip":true},"66":{"start":{"line":289,"column":12},"end":{"line":289,"column":18},"skip":true},"67":{"start":{"line":291,"column":8},"end":{"line":293,"column":54},"skip":true},"68":{"start":{"line":296,"column":8},"end":{"line":301,"column":37},"skip":true},"69":{"start":{"line":303,"column":8},"end":{"line":303,"column":82},"skip":true},"70":{"start":{"line":306,"column":8},"end":{"line":308,"column":9},"skip":true},"71":{"start":{"line":307,"column":12},"end":{"line":307,"column":82},"skip":true},"72":{"start":{"line":310,"column":8},"end":{"line":312,"column":9},"skip":true},"73":{"start":{"line":311,"column":12},"end":{"line":311,"column":18},"skip":true},"74":{"start":{"line":313,"column":8},"end":{"line":313,"column":54},"skip":true},"75":{"start":{"line":314,"column":8},"end":{"line":314,"column":69},"skip":true},"76":{"start":{"line":315,"column":8},"end":{"line":323,"column":36},"skip":true},"77":{"start":{"line":316,"column":12},"end":{"line":316,"column":61},"skip":true},"78":{"start":{"line":317,"column":12},"end":{"line":320,"column":13},"skip":true},"79":{"start":{"line":318,"column":16},"end":{"line":318,"column":75},"skip":true},"80":{"start":{"line":319,"column":16},"end":{"line":319,"column":23},"skip":true},"81":{"start":{"line":321,"column":12},"end":{"line":321,"column":38},"skip":true},"82":{"start":{"line":322,"column":12},"end":{"line":322,"column":27},"skip":true},"83":{"start":{"line":324,"column":8},"end":{"line":324,"column":14},"skip":true}},"branchMap":{"1":{"line":39,"type":"binary-expr","locations":[{"start":{"line":39,"column":23},"end":{"line":39,"column":62}},{"start":{"line":40,"column":20},"end":{"line":40,"column":70}},{"start":{"line":41,"column":20},"end":{"line":41,"column":71}},{"start":{"line":42,"column":20},"end":{"line":42,"column":29}}]},"2":{"line":44,"type":"binary-expr","locations":[{"start":{"line":44,"column":23},"end":{"line":44,"column":37}},{"start":{"line":45,"column":20},"end":{"line":45,"column":61}},{"start":{"line":46,"column":20},"end":{"line":46,"column":70}},{"start":{"line":47,"column":20},"end":{"line":47,"column":26}}]},"3":{"line":51,"type":"cond-expr","locations":[{"start":{"line":52,"column":14},"end":{"line":52,"column":20}},{"start":{"line":53,"column":14},"end":{"line":53,"column":20}}]},"4":{"line":55,"type":"binary-expr","locations":[{"start":{"line":55,"column":16},"end":{"line":55,"column":44}},{"start":{"line":55,"column":49},"end":{"line":57,"column":43}}]},"5":{"line":55,"type":"cond-expr","locations":[{"start":{"line":56,"column":14},"end":{"line":56,"column":51}},{"start":{"line":57,"column":14},"end":{"line":57,"column":43}}]},"6":{"line":61,"type":"switch","locations":[{"start":{"line":68,"column":4},"end":{"line":150,"column":14},"skip":true},{"start":{"line":156,"column":4},"end":{"line":324,"column":14},"skip":true}]},"7":{"line":70,"type":"if","locations":[{"start":{"line":70,"column":12},"end":{"line":70,"column":12},"skip":true},{"start":{"line":70,"column":12},"end":{"line":70,"column":12},"skip":true}]},"8":{"line":70,"type":"binary-expr","locations":[{"start":{"line":70,"column":16},"end":{"line":70,"column":22},"skip":true},{"start":{"line":70,"column":27},"end":{"line":70,"column":32},"skip":true},{"start":{"line":71,"column":20},"end":{"line":71,"column":39},"skip":true},{"start":{"line":72,"column":20},"end":{"line":72,"column":49},"skip":true},{"start":{"line":73,"column":20},"end":{"line":73,"column":58},"skip":true},{"start":{"line":74,"column":20},"end":{"line":74,"column":69},"skip":true}]},"9":{"line":79,"type":"switch","locations":[{"start":{"line":80,"column":20},"end":{"line":80,"column":33},"skip":true},{"start":{"line":81,"column":20},"end":{"line":83,"column":30},"skip":true},{"start":{"line":84,"column":20},"end":{"line":85,"column":49},"skip":true}]},"10":{"line":89,"type":"switch","locations":[{"start":{"line":90,"column":12},"end":{"line":103,"column":22},"skip":true},{"start":{"line":105,"column":12},"end":{"line":106,"column":22},"skip":true}]},"11":{"line":89,"type":"binary-expr","locations":[{"start":{"line":89,"column":20},"end":{"line":89,"column":25},"skip":true},{"start":{"line":89,"column":29},"end":{"line":89,"column":48},"skip":true},{"start":{"line":89,"column":52},"end":{"line":89,"column":74},"skip":true}]},"12":{"line":92,"type":"if","locations":[{"start":{"line":92,"column":16},"end":{"line":92,"column":16},"skip":true},{"start":{"line":92,"column":16},"end":{"line":92,"column":16},"skip":true}]},"13":{"line":108,"type":"if","locations":[{"start":{"line":108,"column":12},"end":{"line":108,"column":12},"skip":true},{"start":{"line":108,"column":12},"end":{"line":108,"column":12},"skip":true}]},"14":{"line":108,"type":"binary-expr","locations":[{"start":{"line":108,"column":16},"end":{"line":108,"column":61},"skip":true},{"start":{"line":108,"column":66},"end":{"line":108,"column":72},"skip":true},{"start":{"line":108,"column":77},"end":{"line":108,"column":82},"skip":true},{"start":{"line":109,"column":20},"end":{"line":109,"column":39},"skip":true},{"start":{"line":110,"column":20},"end":{"line":110,"column":49},"skip":true},{"start":{"line":111,"column":20},"end":{"line":111,"column":58},"skip":true},{"start":{"line":112,"column":20},"end":{"line":112,"column":68},"skip":true}]},"15":{"line":129,"type":"if","locations":[{"start":{"line":129,"column":16},"end":{"line":129,"column":16},"skip":true},{"start":{"line":129,"column":16},"end":{"line":129,"column":16},"skip":true}]},"16":{"line":134,"type":"cond-expr","locations":[{"start":{"line":135,"column":26},"end":{"line":135,"column":29},"skip":true},{"start":{"line":136,"column":26},"end":{"line":136,"column":54},"skip":true}]},"17":{"line":164,"type":"binary-expr","locations":[{"start":{"line":164,"column":27},"end":{"line":164,"column":43},"skip":true},{"start":{"line":164,"column":47},"end":{"line":164,"column":49},"skip":true}]},"18":{"line":258,"type":"if","locations":[{"start":{"line":258,"column":8},"end":{"line":258,"column":8},"skip":true},{"start":{"line":258,"column":8},"end":{"line":258,"column":8},"skip":true}]},"19":{"line":275,"type":"switch","locations":[{"start":{"line":276,"column":20},"end":{"line":277,"column":64},"skip":true},{"start":{"line":278,"column":20},"end":{"line":279,"column":40},"skip":true},{"start":{"line":280,"column":20},"end":{"line":281,"column":40},"skip":true},{"start":{"line":282,"column":20},"end":{"line":283,"column":39},"skip":true}]},"20":{"line":288,"type":"if","locations":[{"start":{"line":288,"column":8},"end":{"line":288,"column":8},"skip":true},{"start":{"line":288,"column":8},"end":{"line":288,"column":8},"skip":true}]},"21":{"line":288,"type":"binary-expr","locations":[{"start":{"line":288,"column":12},"end":{"line":288,"column":40},"skip":true},{"start":{"line":288,"column":44},"end":{"line":288,"column":67},"skip":true}]},"22":{"line":292,"type":"binary-expr","locations":[{"start":{"line":292,"column":12},"end":{"line":292,"column":50},"skip":true},{"start":{"line":293,"column":12},"end":{"line":293,"column":53},"skip":true}]},"23":{"line":297,"type":"binary-expr","locations":[{"start":{"line":297,"column":12},"end":{"line":297,"column":65},"skip":true},{"start":{"line":298,"column":12},"end":{"line":301,"column":36},"skip":true}]},"24":{"line":303,"type":"binary-expr","locations":[{"start":{"line":303,"column":43},"end":{"line":303,"column":75},"skip":true},{"start":{"line":303,"column":79},"end":{"line":303,"column":81},"skip":true}]},"25":{"line":306,"type":"if","locations":[{"start":{"line":306,"column":8},"end":{"line":306,"column":8},"skip":true},{"start":{"line":306,"column":8},"end":{"line":306,"column":8},"skip":true}]},"26":{"line":310,"type":"if","locations":[{"start":{"line":310,"column":8},"end":{"line":310,"column":8},"skip":true},{"start":{"line":310,"column":8},"end":{"line":310,"column":8},"skip":true}]},"27":{"line":313,"type":"binary-expr","locations":[{"start":{"line":313,"column":27},"end":{"line":313,"column":43},"skip":true},{"start":{"line":313,"column":47},"end":{"line":313,"column":53},"skip":true}]},"28":{"line":317,"type":"if","locations":[{"start":{"line":317,"column":12},"end":{"line":317,"column":12},"skip":true},{"start":{"line":317,"column":12},"end":{"line":317,"column":12},"skip":true}]}},"code":["/*","example.js","","quickstart example","","instruction","    1. save this script as example.js","    2. run the shell command:","        $ npm install npmtest-replpad && PORT=8081 node example.js","    3. play with the browser-demo on http://127.0.0.1:8081","*/","","","","/* istanbul instrument in package npmtest_replpad */","/*jslint","    bitwise: true,","    browser: true,","    maxerr: 8,","    maxlen: 96,","    node: true,","    nomen: true,","    regexp: true,","    stupid: true","*/","(function () {","    'use strict';","    var local;","","","","    // run shared js-env code - pre-init","    (function () {","        // init local","        local = {};","        // init modeJs","        local.modeJs = (function () {","            try {","                return typeof navigator.userAgent === 'string' &&","                    typeof document.querySelector('body') === 'object' &&","                    typeof XMLHttpRequest.prototype.open === 'function' &&","                    'browser';","            } catch (errorCaughtBrowser) {","                return module.exports &&","                    typeof process.versions.node === 'string' &&","                    typeof require('http').createServer === 'function' &&","                    'node';","            }","        }());","        // init global","        local.global = local.modeJs === 'browser'","            ? window","            : global;","        // init utility2_rollup","        local = local.global.utility2_rollup || (local.modeJs === 'browser'","            ? local.global.utility2_npmtest_replpad","            : global.utility2_moduleExports);","        // export local","        local.global.local = local;","    }());","    switch (local.modeJs) {","","","","    // post-init","    // run browser js-env code - post-init","    /* istanbul ignore next */","    case 'browser':","        local.testRunBrowser = function (event) {","            if (!event || (event &&","                    event.currentTarget &&","                    event.currentTarget.className &&","                    event.currentTarget.className.includes &&","                    event.currentTarget.className.includes('onreset'))) {","                // reset output","                Array.from(","                    document.querySelectorAll('body > .resettable')","                ).forEach(function (element) {","                    switch (element.tagName) {","                    case 'INPUT':","                    case 'TEXTAREA':","                        element.value = '';","                        break;","                    default:","                        element.textContent = '';","                    }","                });","            }","            switch (event && event.currentTarget && event.currentTarget.id) {","            case 'testRunButton1':","                // show tests","                if (document.querySelector('#testReportDiv1').style.display === 'none') {","                    document.querySelector('#testReportDiv1').style.display = 'block';","                    document.querySelector('#testRunButton1').textContent =","                        'hide internal test';","                    local.modeTest = true;","                    local.testRunDefault(local);","                // hide tests","                } else {","                    document.querySelector('#testReportDiv1').style.display = 'none';","                    document.querySelector('#testRunButton1').textContent = 'run internal test';","                }","                break;","            // custom-case","            default:","                break;","            }","            if (document.querySelector('#inputTextareaEval1') && (!event || (event &&","                    event.currentTarget &&","                    event.currentTarget.className &&","                    event.currentTarget.className.includes &&","                    event.currentTarget.className.includes('oneval')))) {","                // try to eval input-code","                try {","                    /*jslint evil: true*/","                    eval(document.querySelector('#inputTextareaEval1').value);","                } catch (errorCaught) {","                    console.error(errorCaught);","                }","            }","        };","        // log stderr and stdout to #outputTextareaStdout1","        ['error', 'log'].forEach(function (key) {","            console[key + '_original'] = console[key];","            console[key] = function () {","                var element;","                console[key + '_original'].apply(console, arguments);","                element = document.querySelector('#outputTextareaStdout1');","                if (!element) {","                    return;","                }","                // append text to #outputTextareaStdout1","                element.value += Array.from(arguments).map(function (arg) {","                    return typeof arg === 'string'","                        ? arg","                        : JSON.stringify(arg, null, 4);","                }).join(' ') + '\\n';","                // scroll textarea to bottom","                element.scrollTop = element.scrollHeight;","            };","        });","        // init event-handling","        ['change', 'click', 'keyup'].forEach(function (event) {","            Array.from(document.querySelectorAll('.on' + event)).forEach(function (element) {","                element.addEventListener(event, local.testRunBrowser);","            });","        });","        // run tests","        local.testRunBrowser();","        break;","","","","    // run node js-env code - post-init","    /* istanbul ignore next */","    case 'node':","        // export local","        module.exports = local;","        // require modules","        local.fs = require('fs');","        local.http = require('http');","        local.url = require('url');","        // init assets","        local.assetsDict = local.assetsDict || {};","        /* jslint-ignore-begin */","        local.assetsDict['/assets.index.template.html'] = '\\","<!doctype html>\\n\\","<html lang=\"en\">\\n\\","<head>\\n\\","<meta charset=\"UTF-8\">\\n\\","<meta name=\"viewport\" content=\"width=device-width, initial-scale=1\">\\n\\","<title>{{env.npm_package_name}} (v{{env.npm_package_version}})</title>\\n\\","<style>\\n\\","/*csslint\\n\\","    box-sizing: false,\\n\\","    universal-selector: false\\n\\","*/\\n\\","* {\\n\\","    box-sizing: border-box;\\n\\","}\\n\\","body {\\n\\","    background: #dde;\\n\\","    font-family: Arial, Helvetica, sans-serif;\\n\\","    margin: 2rem;\\n\\","}\\n\\","body > * {\\n\\","    margin-bottom: 1rem;\\n\\","}\\n\\",".utility2FooterDiv {\\n\\","    margin-top: 20px;\\n\\","    text-align: center;\\n\\","}\\n\\","</style>\\n\\","<style>\\n\\","/*csslint\\n\\","*/\\n\\","textarea {\\n\\","    font-family: monospace;\\n\\","    height: 10rem;\\n\\","    width: 100%;\\n\\","}\\n\\","textarea[readonly] {\\n\\","    background: #ddd;\\n\\","}\\n\\","</style>\\n\\","</head>\\n\\","<body>\\n\\","<!-- utility2-comment\\n\\","<div id=\"ajaxProgressDiv1\" style=\"background: #d00; height: 2px; left: 0; margin: 0; padding: 0; position: fixed; top: 0; transition: background 0.5s, width 1.5s; width: 25%;\"></div>\\n\\","utility2-comment -->\\n\\","<h1>\\n\\","<!-- utility2-comment\\n\\","    <a\\n\\","        {{#if env.npm_package_homepage}}\\n\\","        href=\"{{env.npm_package_homepage}}\"\\n\\","        {{/if env.npm_package_homepage}}\\n\\","        target=\"_blank\"\\n\\","    >\\n\\","utility2-comment -->\\n\\","        {{env.npm_package_name}} (v{{env.npm_package_version}})\\n\\","<!-- utility2-comment\\n\\","    </a>\\n\\","utility2-comment -->\\n\\","</h1>\\n\\","<h3>{{env.npm_package_description}}</h3>\\n\\","<!-- utility2-comment\\n\\","<h4><a download href=\"assets.app.js\">download standalone app</a></h4>\\n\\","<button class=\"onclick onreset\" id=\"testRunButton1\">run internal test</button><br>\\n\\","<div id=\"testReportDiv1\" style=\"display: none;\"></div>\\n\\","utility2-comment -->\\n\\","\\n\\","\\n\\","\\n\\","<label>stderr and stdout</label>\\n\\","<textarea class=\"resettable\" id=\"outputTextareaStdout1\" readonly></textarea>\\n\\","<!-- utility2-comment\\n\\","{{#if isRollup}}\\n\\","<script src=\"assets.app.js\"></script>\\n\\","{{#unless isRollup}}\\n\\","utility2-comment -->\\n\\","<script src=\"assets.utility2.rollup.js\"></script>\\n\\","<script src=\"jsonp.utility2._stateInit?callback=window.utility2._stateInit\"></script>\\n\\","<script src=\"assets.npmtest_replpad.rollup.js\"></script>\\n\\","<script src=\"assets.example.js\"></script>\\n\\","<script src=\"assets.test.js\"></script>\\n\\","<!-- utility2-comment\\n\\","{{/if isRollup}}\\n\\","utility2-comment -->\\n\\","<div class=\"utility2FooterDiv\">\\n\\","    [ this app was created with\\n\\","    <a href=\"https://github.com/kaizhu256/node-utility2\" target=\"_blank\">utility2</a>\\n\\","    ]\\n\\","</div>\\n\\","</body>\\n\\","</html>\\n\\","';","        /* jslint-ignore-end */","        if (local.templateRender) {","            local.assetsDict['/'] = local.templateRender(","                local.assetsDict['/assets.index.template.html'],","                {","                    env: local.objectSetDefault(local.env, {","                        npm_package_description: 'the greatest app in the world!',","                        npm_package_name: 'my-app',","                        npm_package_nameAlias: 'my_app',","                        npm_package_version: '0.0.1'","                    })","                }","            );","        } else {","            local.assetsDict['/'] = local.assetsDict['/assets.index.template.html']","                .replace((/\\{\\{env\\.(\\w+?)\\}\\}/g), function (match0, match1) {","                    // jslint-hack","                    String(match0);","                    switch (match1) {","                    case 'npm_package_description':","                        return 'the greatest app in the world!';","                    case 'npm_package_name':","                        return 'my-app';","                    case 'npm_package_nameAlias':","                        return 'my_app';","                    case 'npm_package_version':","                        return '0.0.1';","                    }","                });","        }","        // run the cli","        if (local.global.utility2_rollup || module !== require.main) {","            break;","        }","        local.assetsDict['/assets.example.js'] =","            local.assetsDict['/assets.example.js'] ||","            local.fs.readFileSync(__filename, 'utf8');","        // bug-workaround - long $npm_package_buildCustomOrg","        /* jslint-ignore-begin */","        local.assetsDict['/assets.npmtest_replpad.rollup.js'] =","            local.assetsDict['/assets.npmtest_replpad.rollup.js'] ||","            local.fs.readFileSync(","                local.npmtest_replpad.__dirname + '/lib.npmtest_replpad.js',","                'utf8'","            ).replace((/^#!/), '//');","        /* jslint-ignore-end */","        local.assetsDict['/favicon.ico'] = local.assetsDict['/favicon.ico'] || '';","        // if $npm_config_timeout_exit exists,","        // then exit this process after $npm_config_timeout_exit ms","        if (Number(process.env.npm_config_timeout_exit)) {","            setTimeout(process.exit, Number(process.env.npm_config_timeout_exit));","        }","        // start server","        if (local.global.utility2_serverHttp1) {","            break;","        }","        process.env.PORT = process.env.PORT || '8081';","        console.error('server starting on port ' + process.env.PORT);","        local.http.createServer(function (request, response) {","            request.urlParsed = local.url.parse(request.url);","            if (local.assetsDict[request.urlParsed.pathname] !== undefined) {","                response.end(local.assetsDict[request.urlParsed.pathname]);","                return;","            }","            response.statusCode = 404;","            response.end();","        }).listen(process.env.PORT);","        break;","    }","}());",""],"l":{"26":2,"28":2,"33":2,"35":2,"37":2,"38":2,"39":2,"44":1,"51":2,"55":2,"59":2,"61":2,"69":1,"70":2,"76":2,"79":2,"82":2,"83":2,"85":1,"89":2,"92":1,"93":1,"94":1,"96":1,"97":1,"100":1,"101":1,"103":1,"106":1,"108":2,"114":1,"116":1,"118":1,"123":1,"124":2,"125":2,"126":3,"127":3,"128":3,"129":3,"130":1,"133":3,"134":3,"139":3,"143":1,"144":3,"145":1,"149":1,"150":1,"158":1,"160":1,"161":1,"162":1,"164":1,"166":1,"258":1,"259":1,"271":1,"274":6,"275":6,"277":1,"279":2,"281":1,"283":2,"288":1,"289":1,"291":1,"296":1,"303":1,"306":1,"307":1,"310":1,"311":1,"313":1,"314":1,"315":1,"316":1,"317":1,"318":1,"319":1,"321":1,"322":1,"324":1}},"/home/travis/build/npmtest/node-npmtest-replpad/node_modules/replpad/repreprep.js":{"path":"/home/travis/build/npmtest/node-npmtest-replpad/node_modules/replpad/repreprep.js","s":{"1":1,"2":1,"3":1,"4":1,"5":1,"6":1,"7":1,"8":1,"9":1,"10":0,"11":0,"12":1,"13":1,"14":1,"15":1,"16":1,"17":6,"18":1,"19":1,"20":1,"21":1,"22":1,"23":1,"24":1,"25":1,"26":1,"27":1,"28":1,"29":1,"30":1,"31":1,"32":1,"33":1,"34":1,"35":1,"36":1,"37":0,"38":0,"39":0,"40":0,"41":0},"b":{"1":[0,0],"2":[0,0],"3":[1,0],"4":[1,1],"5":[1,1,0],"6":[1,0]},"f":{"1":1,"2":0,"3":1,"4":6,"5":1,"6":1,"7":0},"fnMap":{"1":{"name":"createRepl","line":22,"loc":{"start":{"line":22,"column":0},"end":{"line":22,"column":26}}},"2":{"name":"(anonymous_2)","line":32,"loc":{"start":{"line":32,"column":13},"end":{"line":32,"column":26}}},"3":{"name":"boot","line":41,"loc":{"start":{"line":41,"column":0},"end":{"line":41,"column":20}}},"4":{"name":"(anonymous_4)","line":45,"loc":{"start":{"line":45,"column":33},"end":{"line":45,"column":45}}},"5":{"name":"getReplOpts","line":54,"loc":{"start":{"line":54,"column":0},"end":{"line":54,"column":28}}},"6":{"name":"repreprep","line":66,"loc":{"start":{"line":66,"column":17},"end":{"line":66,"column":48}}},"7":{"name":"(anonymous_7)","line":89,"loc":{"start":{"line":89,"column":28},"end":{"line":89,"column":40}}}},"statementMap":{"1":{"start":{"line":3,"column":0},"end":{"line":21,"column":3}},"2":{"start":{"line":22,"column":0},"end":{"line":39,"column":1}},"3":{"start":{"line":23,"column":2},"end":{"line":23,"column":27}},"4":{"start":{"line":24,"column":2},"end":{"line":24,"column":15}},"5":{"start":{"line":26,"column":2},"end":{"line":26,"column":18}},"6":{"start":{"line":27,"column":2},"end":{"line":27,"column":20}},"7":{"start":{"line":29,"column":2},"end":{"line":29,"column":19}},"8":{"start":{"line":30,"column":2},"end":{"line":30,"column":74}},"9":{"start":{"line":32,"column":2},"end":{"line":36,"column":4}},"10":{"start":{"line":34,"column":4},"end":{"line":34,"column":48}},"11":{"start":{"line":35,"column":4},"end":{"line":35,"column":94}},"12":{"start":{"line":38,"column":2},"end":{"line":38,"column":11}},"13":{"start":{"line":41,"column":0},"end":{"line":52,"column":1}},"14":{"start":{"line":42,"column":2},"end":{"line":42,"column":28}},"15":{"start":{"line":44,"column":2},"end":{"line":44,"column":30}},"16":{"start":{"line":45,"column":2},"end":{"line":45,"column":63}},"17":{"start":{"line":45,"column":47},"end":{"line":45,"column":59}},"18":{"start":{"line":47,"column":2},"end":{"line":47,"column":18}},"19":{"start":{"line":48,"column":2},"end":{"line":48,"column":17}},"20":{"start":{"line":50,"column":2},"end":{"line":50,"column":13}},"21":{"start":{"line":51,"column":2},"end":{"line":51,"column":14}},"22":{"start":{"line":54,"column":0},"end":{"line":63,"column":1}},"23":{"start":{"line":55,"column":2},"end":{"line":62,"column":11}},"24":{"start":{"line":66,"column":0},"end":{"line":94,"column":2}},"25":{"start":{"line":68,"column":2},"end":{"line":71,"column":3}},"26":{"start":{"line":69,"column":4},"end":{"line":69,"column":16}},"27":{"start":{"line":70,"column":4},"end":{"line":70,"column":16}},"28":{"start":{"line":72,"column":2},"end":{"line":72,"column":20}},"29":{"start":{"line":74,"column":2},"end":{"line":74,"column":35}},"30":{"start":{"line":75,"column":2},"end":{"line":75,"column":31}},"31":{"start":{"line":77,"column":2},"end":{"line":77,"column":15}},"32":{"start":{"line":80,"column":2},"end":{"line":80,"column":59}},"33":{"start":{"line":81,"column":2},"end":{"line":81,"column":34}},"34":{"start":{"line":83,"column":2},"end":{"line":86,"column":3}},"35":{"start":{"line":84,"column":4},"end":{"line":84,"column":64}},"36":{"start":{"line":85,"column":4},"end":{"line":85,"column":26}},"37":{"start":{"line":88,"column":2},"end":{"line":88,"column":34}},"38":{"start":{"line":89,"column":2},"end":{"line":93,"column":5}},"39":{"start":{"line":90,"column":4},"end":{"line":90,"column":19}},"40":{"start":{"line":91,"column":4},"end":{"line":91,"column":44}},"41":{"start":{"line":92,"column":4},"end":{"line":92,"column":41}}},"branchMap":{"1":{"line":34,"type":"binary-expr","locations":[{"start":{"line":34,"column":19},"end":{"line":34,"column":20}},{"start":{"line":34,"column":24},"end":{"line":34,"column":47}}]},"2":{"line":35,"type":"binary-expr","locations":[{"start":{"line":35,"column":11},"end":{"line":35,"column":19}},{"start":{"line":35,"column":23},"end":{"line":35,"column":93}}]},"3":{"line":68,"type":"if","locations":[{"start":{"line":68,"column":2},"end":{"line":68,"column":2}},{"start":{"line":68,"column":2},"end":{"line":68,"column":2}}]},"4":{"line":72,"type":"binary-expr","locations":[{"start":{"line":72,"column":9},"end":{"line":72,"column":13}},{"start":{"line":72,"column":17},"end":{"line":72,"column":19}}]},"5":{"line":80,"type":"binary-expr","locations":[{"start":{"line":80,"column":18},"end":{"line":80,"column":29}},{"start":{"line":80,"column":33},"end":{"line":80,"column":46}},{"start":{"line":80,"column":50},"end":{"line":80,"column":58}}]},"6":{"line":83,"type":"if","locations":[{"start":{"line":83,"column":2},"end":{"line":83,"column":2}},{"start":{"line":83,"column":2},"end":{"line":83,"column":2}}]}},"code":["'use strict';","","var repl            =  require('repl')","  , path            =  require('path')","  , cardinal        =  require('cardinal')","  , util            =  require('util')","  , xtend           =  require('xtend')","  , state           =  require('./lib/state')","  , config          =  require('./config/current')","  , initConfig      =  require('./config/init')","  , managePlugins   =  require('./lib/manage-plugins')","  , initWatcher     =  require('./lib/watcher-init')","  , feedEdits       =  require('./lib/feedEdits')","  , core            =  require('./lib/dox/core')","  , log             =  require('./lib/log')","  , instructions    =  require('./lib/instructions')","  , initBuiltins    =  require('./lib/builtins/init')","  , findexquire     =  require('./lib/findexquire')","  , stdin           =  process.stdin","  , stdout          =  process.stdout","  ;","function createRepl(opts) {","  var r = repl.start(opts);","  log.repl = r;","","  r.state = state;","  r.config = config;","","  global.$repl = r;","  global.require = findexquire(path.join(process.cwd(), 'repl.js'), true);","","  r.writer = function (s) {","    // i.e. Function.src returns the higlighted string at __replpad_print_raw__ which we just want to print as is","    var printRaw = s && s.__replpad_print_raw__;","    return printRaw || util.inspect(s, config.inspect.showHidden, config.inspect.depth, true);","  };","","  return r;","}","","function boot(opts) {","  instructions(opts.output);","","  var repl = createRepl(opts);","  state.__defineGetter__('repl', function () { return repl; });","","  managePlugins();","  initBuiltins();","","  core(repl);","  return repl;","}","","function getReplOpts (opts) {","  return xtend({","      input           :  stdin","    , output          :  stdout","    , ignoreUndefined :  true","    , useColors       :  true","    , useGlobal       :  true","    , terminal        :  true","  }, opts);","}","","","module.exports = function repreprep(root, opts) {","","  if (typeof root === 'object') {","    opts = root;","    root = null;","  }","  opts = opts || {};","","  var replOpts = getReplOpts(opts);","  log.output = replOpts.output;","","  initConfig();","","  // override prompt with the one given in opts AFTER config was initialized","  config.prompt = opts.prompt || config.prompt || 'pad > ';","  replOpts.prompt = config.prompt;","","  if (!root) {","    log.print('Watching no files since no path was specified.');","    return boot(replOpts);","  }","","  var watcher = initWatcher(root);","  watcher.on('initialized', function () {","    boot(replOpts);","    var feedEdit = feedEdits(stdin, stdout);","    watcher.on('file-changed', feedEdit);","  });","};",""],"l":{"3":1,"22":1,"23":1,"24":1,"26":1,"27":1,"29":1,"30":1,"32":1,"34":0,"35":0,"38":1,"41":1,"42":1,"44":1,"45":6,"47":1,"48":1,"50":1,"51":1,"54":1,"55":1,"66":1,"68":1,"69":1,"70":1,"72":1,"74":1,"75":1,"77":1,"80":1,"81":1,"83":1,"84":1,"85":1,"88":0,"89":0,"90":0,"91":0,"92":0}},"/home/travis/build/npmtest/node-npmtest-replpad/node_modules/replpad/lib/state.js":{"path":"/home/travis/build/npmtest/node-npmtest-replpad/node_modules/replpad/lib/state.js","s":{"1":1},"b":{},"f":{},"fnMap":{},"statementMap":{"1":{"start":{"line":1,"column":0},"end":{"line":5,"column":2}}},"branchMap":{},"code":["module.exports = {","    lastFedFile       :  null","  , fileFeedSuspended :  false","  , feedingFile       :  false","};",""],"l":{"1":1}},"/home/travis/build/npmtest/node-npmtest-replpad/node_modules/replpad/config/current.js":{"path":"/home/travis/build/npmtest/node-npmtest-replpad/node_modules/replpad/config/current.js","s":{"1":1},"b":{},"f":{},"fnMap":{},"statementMap":{"1":{"start":{"line":8,"column":0},"end":{"line":8,"column":45}}},"branchMap":{},"code":["'use strict';","","/**"," * Sets some required defaults to ensure that they are present even if the user doesn't configure them."," * Most of them will be overridden when the user configuration is sourced."," */","","module.exports = require('./default-config');",""],"l":{"8":1}},"/home/travis/build/npmtest/node-npmtest-replpad/node_modules/replpad/config/default-config.js":{"path":"/home/travis/build/npmtest/node-npmtest-replpad/node_modules/replpad/config/default-config.js","s":{"1":1,"2":1,"3":0,"4":0,"5":1,"6":1,"7":1,"8":1,"9":1,"10":1,"11":1},"b":{},"f":{"1":0},"fnMap":{"1":{"name":"(anonymous_1)","line":17,"loc":{"start":{"line":17,"column":14},"end":{"line":17,"column":36}}}},"statementMap":{"1":{"start":{"line":8,"column":0},"end":{"line":8,"column":25}},"2":{"start":{"line":17,"column":0},"end":{"line":25,"column":2}},"3":{"start":{"line":20,"column":2},"end":{"line":20,"column":20}},"4":{"start":{"line":23,"column":2},"end":{"line":23,"column":27}},"5":{"start":{"line":31,"column":0},"end":{"line":60,"column":2}},"6":{"start":{"line":67,"column":0},"end":{"line":78,"column":2}},"7":{"start":{"line":85,"column":0},"end":{"line":85,"column":26}},"8":{"start":{"line":93,"column":0},"end":{"line":93,"column":26}},"9":{"start":{"line":101,"column":0},"end":{"line":107,"column":2}},"10":{"start":{"line":114,"column":0},"end":{"line":124,"column":2}},"11":{"start":{"line":133,"column":0},"end":{"line":140,"column":2}}},"branchMap":{},"code":["'use strict';","","/**"," * The replpad version for which this config was originally created."," * Important when upgrading replpad."," * @name version"," */","exports.version = '0.10';","","/**","  * Declares vim like key mappings","  * @name map","  * @function","  * @param nmap {Function} to declare normal mode mappings: nmap(from, to)","  * @param imap {Function} to declare insert mode mappings: imap(from, to)","  */","exports.map = function (nmap, imap) {","","  // map 'jk' to 'esc' to switch to normal mode","  imap('jk', 'esc');","","  // navigate backward in history  via 'ctrl-k' in insert mode","  imap('ctrl-k', 'ctrl-p');","","};","","/**"," * Properties that configure how code is piped into the repl from a changed file"," * @name feed"," */","exports.feed = {","","    /**","    * Configures the format into which code is rewritten before it is piped.","    * Note that some dont have any effect when compact is 'true' as is the default.","    * @name format","    */","    format: {","        indent      :  { style: '  ', base: 0 }","      , quotes      :  'single'","      , json        :  false","      , renumber    :  false","      , hexadecimal :  false","      , escapeless  :  false","      , compact     :  true","      , parentheses :  false","      , semicolons  :  true","    }","","    /**","     * Filters specify which directories/files are watched for changes.","     * A filter can be a glob string, and array of glob string or a function returning true | false.","     * More information at: https://github.com/thlorenz/readdirp#filters","     */","  , fileFilter      :  '*.js'","  , directoryFilter :  [ '!.*', '!node_modules' ]","","    // The name under which module.exports are exposed in the repl after a file was piped.","  , exports         :  '$'","};","","","/**"," * Properties that configure how inspected objects are printed."," * @name inspect"," */","exports.inspect =  {","    /**","    * The default depth to which and object is traversed when printed.","    * Can be set in repl via: .depth","    */","    depth : 2","    /**","    * Configure if hidden properties are included during object traversal.","    * Can be set in repl via: .hidden","    */","  , showHidden: false","};","","/**"," * Toggles if piped code is syntax highlighted before being sourced in the repl"," * Can be set in repl via: .highlight"," * @name highlight"," */","exports.highlight = false;","","","/**"," * Set the repl prompt"," * Can be set in repl via: $repl.prompt = 'your prompt'"," * @name prompt"," */","exports.prompt = 'pad > ';","","/**","  * Enable plugins by setting them true, disable them by setting them false.","  * Plugins that are not set to true|false are included by default (for backwards compat)","  * Removing this entire section enables all plugins.","  * @name plugins","  */","exports.plugins = {","    // adds vim key bindings and maps to the repl","    vim: true","","    // jumps cursor to matching brace, bracket, paren and quote when it is entered","  , matchtoken: true","};","","/**"," * Configure the scriptie talkie feature (activated via '.talk') which evaluates a script in chunks and prints"," * intermediate results."," * @name scriptietalkie"," */","exports.scriptietalkie = {","","    // at what point is an object diff compacted to one line","    joinLinesAt: 20","","    // at which length is an object diff line cut off with an ellipsis","  , maxLineLength: 380","","    // set to true to activate scriptie talkie when replpad starts, you can toggle this setting via the '.talk' command","  , active: false","};","","/**"," * Configure what happens when you execute .dox() on an nmp package, i.e. request.dox()"," * In either case the package homepage and/or gitub url are printed to the terminal."," * If no internet connection is available the readme will be rendered locally and the path to the file printed and "," * the file automatically opened in the browser if the `open` flag is set."," * @name readme"," */","exports.readme = {","","    // print rendered readme markdown inside the repl","    render: true","","    // automatically open the github url or locally rendered readme file in your browser","  , open: false","};",""],"l":{"8":1,"17":1,"20":0,"23":0,"31":1,"67":1,"85":1,"93":1,"101":1,"114":1,"133":1}},"/home/travis/build/npmtest/node-npmtest-replpad/node_modules/replpad/config/init.js":{"path":"/home/travis/build/npmtest/node-npmtest-replpad/node_modules/replpad/config/init.js","s":{"1":1,"2":1,"3":2,"4":2,"5":0,"6":2,"7":6,"8":1,"9":1,"10":1,"11":2,"12":1,"13":9,"14":7,"15":1,"16":1,"17":1},"b":{"1":[0,2]},"f":{"1":2,"2":6,"3":1,"4":2,"5":9,"6":7,"7":1},"fnMap":{"1":{"name":"override","line":7,"loc":{"start":{"line":7,"column":0},"end":{"line":7,"column":46}}},"2":{"name":"(anonymous_2)","line":12,"loc":{"start":{"line":12,"column":28},"end":{"line":12,"column":41}}},"3":{"name":"initializeCurrent","line":18,"loc":{"start":{"line":18,"column":0},"end":{"line":18,"column":33}}},"4":{"name":"(anonymous_4)","line":21,"loc":{"start":{"line":21,"column":18},"end":{"line":21,"column":31}}},"5":{"name":"(anonymous_5)","line":24,"loc":{"start":{"line":24,"column":12},"end":{"line":24,"column":25}}},"6":{"name":"(anonymous_6)","line":25,"loc":{"start":{"line":25,"column":13},"end":{"line":25,"column":26}}},"7":{"name":"(anonymous_7)","line":28,"loc":{"start":{"line":28,"column":17},"end":{"line":28,"column":29}}}},"statementMap":{"1":{"start":{"line":3,"column":0},"end":{"line":5,"column":3}},"2":{"start":{"line":7,"column":0},"end":{"line":15,"column":1}},"3":{"start":{"line":8,"column":2},"end":{"line":9,"column":29}},"4":{"start":{"line":10,"column":2},"end":{"line":10,"column":20}},"5":{"start":{"line":10,"column":13},"end":{"line":10,"column":20}},"6":{"start":{"line":12,"column":2},"end":{"line":14,"column":5}},"7":{"start":{"line":13,"column":4},"end":{"line":13,"column":20}},"8":{"start":{"line":18,"column":0},"end":{"line":26,"column":1}},"9":{"start":{"line":19,"column":2},"end":{"line":19,"column":38}},"10":{"start":{"line":21,"column":2},"end":{"line":21,"column":64}},"11":{"start":{"line":21,"column":33},"end":{"line":21,"column":60}},"12":{"start":{"line":23,"column":2},"end":{"line":25,"column":53}},"13":{"start":{"line":24,"column":27},"end":{"line":24,"column":55}},"14":{"start":{"line":25,"column":28},"end":{"line":25,"column":49}},"15":{"start":{"line":28,"column":0},"end":{"line":32,"column":2}},"16":{"start":{"line":29,"column":2},"end":{"line":29,"column":25}},"17":{"start":{"line":31,"column":2},"end":{"line":31,"column":28}}},"branchMap":{"1":{"line":10,"type":"if","locations":[{"start":{"line":10,"column":2},"end":{"line":10,"column":2}},{"start":{"line":10,"column":2},"end":{"line":10,"column":2}}]}},"code":["'use strict';","","var resolve =  require('./resolve')","  , current =  require('./current')","  ; ","","function override(prop, overridee, overrider) {","  var to = overridee[prop]","    , from = overrider[prop];","  if (!from) return;","","  Object.keys(from).forEach(function (k) {","    to[k] = from[k];","  });","}","","// TODO: combining defaults and user config into current config needs tests","function initializeCurrent(conf) {","  var structs = [ 'feed', 'inspect' ];","","  structs.forEach(function (x) { override(x, current, conf); });","","  Object.keys(conf)","    .filter(function (k) { return !~structs.indexOf(k); })","    .forEach(function (k) { current[k] = conf[k]; });","}","","module.exports = function () {","  var config = resolve();","","  initializeCurrent(config);","};",""],"l":{"3":1,"7":1,"8":2,"10":2,"12":2,"13":6,"18":1,"19":1,"21":2,"23":1,"24":9,"25":7,"28":1,"29":1,"31":1}},"/home/travis/build/npmtest/node-npmtest-replpad/node_modules/replpad/config/resolve.js":{"path":"/home/travis/build/npmtest/node-npmtest-replpad/node_modules/replpad/config/resolve.js","s":{"1":1,"2":1,"3":1,"4":1,"5":1,"6":1,"7":0,"8":0,"9":0,"10":0,"11":0,"12":0,"13":0,"14":0,"15":0,"16":1,"17":1,"18":0,"19":0,"20":0,"21":0},"b":{"1":[0,1]},"f":{"1":1,"2":1},"fnMap":{"1":{"name":"loadFrom","line":12,"loc":{"start":{"line":12,"column":0},"end":{"line":12,"column":22}}},"2":{"name":"(anonymous_2)","line":17,"loc":{"start":{"line":17,"column":17},"end":{"line":17,"column":29}}}},"statementMap":{"1":{"start":{"line":3,"column":0},"end":{"line":10,"column":3}},"2":{"start":{"line":12,"column":0},"end":{"line":15,"column":1}},"3":{"start":{"line":13,"column":2},"end":{"line":13,"column":69}},"4":{"start":{"line":14,"column":2},"end":{"line":14,"column":20}},"5":{"start":{"line":17,"column":0},"end":{"line":45,"column":2}},"6":{"start":{"line":18,"column":2},"end":{"line":44,"column":3}},"7":{"start":{"line":20,"column":4},"end":{"line":20,"column":48}},"8":{"start":{"line":22,"column":4},"end":{"line":30,"column":5}},"9":{"start":{"line":23,"column":6},"end":{"line":23,"column":78}},"10":{"start":{"line":24,"column":6},"end":{"line":24,"column":40}},"11":{"start":{"line":26,"column":6},"end":{"line":26,"column":53}},"12":{"start":{"line":27,"column":6},"end":{"line":27,"column":59}},"13":{"start":{"line":28,"column":6},"end":{"line":28,"column":41}},"14":{"start":{"line":29,"column":6},"end":{"line":29,"column":41}},"15":{"start":{"line":32,"column":4},"end":{"line":32,"column":84}},"16":{"start":{"line":36,"column":4},"end":{"line":43,"column":5}},"17":{"start":{"line":37,"column":6},"end":{"line":37,"column":40}},"18":{"start":{"line":39,"column":6},"end":{"line":39,"column":101}},"19":{"start":{"line":40,"column":6},"end":{"line":40,"column":19}},"20":{"start":{"line":41,"column":6},"end":{"line":41,"column":69}},"21":{"start":{"line":42,"column":6},"end":{"line":42,"column":41}}},"branchMap":{"1":{"line":18,"type":"if","locations":[{"start":{"line":18,"column":2},"end":{"line":18,"column":2}},{"start":{"line":18,"column":2},"end":{"line":18,"column":2}}]}},"code":["'use strict';","","var mkdirp =  require('mkdirp')","  , path   =  require('path')","  , fs     =  require('fs')","  , paths  =  require('./paths')","  , utl    =  require('../lib/utl')","  , log    =  require('../lib/log')","  , colors =  require('ansicolors')","  ;","","function loadFrom (p) {","  log.print(colors.yellow('\\nLoading replpad config from: %s\\n'), p);","  return require(p);","}","","module.exports = function () {","  if (!utl.existsSync(paths.configFile)) {","","    mkdirp.sync(path.dirname(paths.configFile));","","    try {","      utl.copyFileSync(require.resolve('./default-config'), paths.configFile);","      return loadFrom(paths.configFile);","    } catch (err) {","      log.error('Unable to create config file', err);","      log.error('Unable to create config file', err.stack);","      log.infoln('Using default config');","      return require('./default-config');","    }","","    log.print(colors.yellow('\\nCreated replpad config at: %s\\n'), paths.configFile);","  } else {","","    // Guard against errors in customized config file","    try {","      return loadFrom(paths.configFile);","    } catch(e) {","      log.error('Sorry, it looks like you have an error in your config file at: ', paths.configFile);","      log.error(e);","      log.infoln('Using default config until the problem is fixed.');","      return require('./default-config');","    }","  }","};",""],"l":{"3":1,"12":1,"13":1,"14":1,"17":1,"18":1,"20":0,"22":0,"23":0,"24":0,"26":0,"27":0,"28":0,"29":0,"32":0,"36":1,"37":1,"39":0,"40":0,"41":0,"42":0}},"/home/travis/build/npmtest/node-npmtest-replpad/node_modules/replpad/config/paths.js":{"path":"/home/travis/build/npmtest/node-npmtest-replpad/node_modules/replpad/config/paths.js","s":{"1":1,"2":1},"b":{"1":[1,0]},"f":{},"fnMap":{},"statementMap":{"1":{"start":{"line":3,"column":0},"end":{"line":8,"column":3}},"2":{"start":{"line":10,"column":0},"end":{"line":14,"column":2}}},"branchMap":{"1":{"line":4,"type":"binary-expr","locations":[{"start":{"line":4,"column":18},"end":{"line":4,"column":34}},{"start":{"line":4,"column":38},"end":{"line":4,"column":61}}]}},"code":["'use strict';","","var path       =  require('path')","  , home       =  process.env.HOME || process.env.USERPROFILE","  , root       =  path.join(home, '.config', 'replpad')","  , cachesRoot =  path.join(root, 'cache')","  , caches     =  path.join(cachesRoot, process.version)","  ;","","module.exports = {","    root       :  root","  , caches     :  caches","  , configFile :  path.join(root, 'config.js')","};",""],"l":{"3":1,"10":1}},"/home/travis/build/npmtest/node-npmtest-replpad/node_modules/replpad/lib/utl.js":{"path":"/home/travis/build/npmtest/node-npmtest-replpad/node_modules/replpad/lib/utl.js","s":{"1":1,"2":1,"3":0,"4":0,"5":0,"6":0,"7":1,"8":0,"9":0,"10":0,"11":1,"12":0,"13":0,"14":1,"15":0,"16":1,"17":1,"18":0,"19":0,"20":0,"21":0,"22":1,"23":0,"24":0,"25":0,"26":0,"27":0,"28":0,"29":0},"b":{"1":[0,0],"2":[0,0],"3":[0,0],"4":[0,0],"5":[0,0],"6":[1,0]},"f":{"1":0,"2":0,"3":0,"4":0,"5":0,"6":0,"7":0},"fnMap":{"1":{"name":"shallowClone","line":8,"loc":{"start":{"line":8,"column":23},"end":{"line":8,"column":50}}},"2":{"name":"(anonymous_2)","line":10,"loc":{"start":{"line":10,"column":27},"end":{"line":10,"column":40}}},"3":{"name":"pad","line":16,"loc":{"start":{"line":16,"column":14},"end":{"line":16,"column":44}}},"4":{"name":"log","line":25,"loc":{"start":{"line":25,"column":14},"end":{"line":25,"column":39}}},"5":{"name":"(anonymous_5)","line":30,"loc":{"start":{"line":30,"column":18},"end":{"line":30,"column":39}}},"6":{"name":"(anonymous_6)","line":46,"loc":{"start":{"line":46,"column":19},"end":{"line":46,"column":51}}},"7":{"name":"(anonymous_7)","line":71,"loc":{"start":{"line":71,"column":23},"end":{"line":71,"column":50}}}},"statementMap":{"1":{"start":{"line":3,"column":0},"end":{"line":6,"column":57}},"2":{"start":{"line":8,"column":0},"end":{"line":14,"column":2}},"3":{"start":{"line":9,"column":2},"end":{"line":9,"column":17}},"4":{"start":{"line":10,"column":2},"end":{"line":12,"column":5}},"5":{"start":{"line":11,"column":4},"end":{"line":11,"column":22}},"6":{"start":{"line":13,"column":2},"end":{"line":13,"column":15}},"7":{"start":{"line":16,"column":0},"end":{"line":23,"column":2}},"8":{"start":{"line":17,"column":2},"end":{"line":17,"column":17}},"9":{"start":{"line":18,"column":2},"end":{"line":18,"column":27}},"10":{"start":{"line":20,"column":2},"end":{"line":22,"column":8}},"11":{"start":{"line":25,"column":0},"end":{"line":28,"column":2}},"12":{"start":{"line":26,"column":2},"end":{"line":26,"column":53}},"13":{"start":{"line":27,"column":2},"end":{"line":27,"column":32}},"14":{"start":{"line":30,"column":0},"end":{"line":32,"column":2}},"15":{"start":{"line":31,"column":2},"end":{"line":31,"column":52}},"16":{"start":{"line":34,"column":0},"end":{"line":34,"column":55}},"17":{"start":{"line":46,"column":0},"end":{"line":58,"column":2}},"18":{"start":{"line":47,"column":2},"end":{"line":48,"column":50}},"19":{"start":{"line":50,"column":2},"end":{"line":52,"column":21}},"20":{"start":{"line":54,"column":2},"end":{"line":55,"column":21}},"21":{"start":{"line":57,"column":2},"end":{"line":57,"column":31}},"22":{"start":{"line":71,"column":0},"end":{"line":88,"column":2}},"23":{"start":{"line":72,"column":2},"end":{"line":78,"column":5}},"24":{"start":{"line":80,"column":2},"end":{"line":84,"column":3}},"25":{"start":{"line":81,"column":4},"end":{"line":81,"column":54}},"26":{"start":{"line":82,"column":4},"end":{"line":82,"column":41}},"27":{"start":{"line":83,"column":4},"end":{"line":83,"column":21}},"28":{"start":{"line":86,"column":2},"end":{"line":86,"column":20}},"29":{"start":{"line":87,"column":2},"end":{"line":87,"column":27}}},"branchMap":{"1":{"line":17,"type":"binary-expr","locations":[{"start":{"line":17,"column":8},"end":{"line":17,"column":11}},{"start":{"line":17,"column":15},"end":{"line":17,"column":16}}]},"2":{"line":18,"type":"binary-expr","locations":[{"start":{"line":18,"column":12},"end":{"line":18,"column":19}},{"start":{"line":18,"column":23},"end":{"line":18,"column":26}}]},"3":{"line":20,"type":"cond-expr","locations":[{"start":{"line":21,"column":6},"end":{"line":21,"column":53}},{"start":{"line":22,"column":6},"end":{"line":22,"column":7}}]},"4":{"line":26,"type":"binary-expr","locations":[{"start":{"line":26,"column":35},"end":{"line":26,"column":40}},{"start":{"line":26,"column":44},"end":{"line":26,"column":45}}]},"5":{"line":31,"type":"binary-expr","locations":[{"start":{"line":31,"column":34},"end":{"line":31,"column":39}},{"start":{"line":31,"column":43},"end":{"line":31,"column":44}}]},"6":{"line":34,"type":"binary-expr","locations":[{"start":{"line":34,"column":22},"end":{"line":34,"column":35}},{"start":{"line":34,"column":39},"end":{"line":34,"column":54}}]}},"code":["'use strict';","","var path    =  require('path')","  , fs      =  require('fs')","  , util    =  require('util')","  , logFile =  path.join(__dirname, '../logs/debug.log');","","exports.shallowClone = function shallowClone(obj) {","  var clone = {};","  Object.keys(obj).forEach(function (k) {","    clone[k] = obj[k];","  });","  return clone;","};","","exports.pad = function pad(s, len, padding) {","  len = len || 0;","  padding = padding || ' ';","","  return len + 1 >= s.length","    ? s + new Array(len + 1 - s.length).join(padding)","    : s;","};","","exports.log = function log(obj, depth) {","  var s = util.inspect(obj, false, depth || 5, true);","  fs.appendFileSync(logFile, s);","};","","exports.inspect = function(obj, depth) {","  return util.inspect(obj, false, depth || 5, true);","};","","exports.existsSync =  fs.existsSync || path.existsSync;","","/**"," * Copies srcFile to tgtFile without checking if paths are valid and calls back when done."," * srcFile is streamed to tgtFile"," *"," * @name copyFile"," * @function"," * @param srcFile {String}"," * @param tgtFile {String}"," * @param cb {Function} called when file is completely copied or an error occurs"," */","exports.copyFile = function (srcFile, tgtFile, cb) {","  var readStream = fs.createReadStream(srcFile)","    , writeStream = fs.createWriteStream(tgtFile);","","  writeStream","    .on('close', cb)","    .on('error', cb);","","  readStream","    .on('error', cb);","","  readStream.pipe(writeStream);","};","","","/**"," * Copies srcFile to tgtFile without checking if paths are valid and returns when done."," * srcFile is copied to tgtFile in chunks"," *"," * @name copyFileSync"," * @function"," * @param srcFile {String}"," * @param tgtFile {String}"," * @return {void}"," */","exports.copyFileSync = function(srcFile, tgtFile) {","  var buflen    =  64 * 1024","    , buf       =  new Buffer(buflen)","    , fdr       =  fs.openSync(srcFile, 'r')","    , fdw       =  fs.openSync(tgtFile, 'w')","    , bytesRead =  1","    , pos       =  0","    ;","","  while (bytesRead > 0) {","    bytesRead = fs.readSync(fdr, buf, 0, buflen, pos);","    fs.writeSync(fdw, buf, 0, bytesRead);","    pos += bytesRead;","  }","","  fs.closeSync(fdr);","  return fs.closeSync(fdw);","};",""],"l":{"3":1,"8":1,"9":0,"10":0,"11":0,"13":0,"16":1,"17":0,"18":0,"20":0,"25":1,"26":0,"27":0,"30":1,"31":0,"34":1,"46":1,"47":0,"50":0,"54":0,"57":0,"71":1,"72":0,"80":0,"81":0,"82":0,"83":0,"86":0,"87":0}},"/home/travis/build/npmtest/node-npmtest-replpad/node_modules/replpad/lib/log.js":{"path":"/home/travis/build/npmtest/node-npmtest-replpad/node_modules/replpad/lib/log.js","s":{"1":1,"2":1,"3":0,"4":0,"5":0,"6":0,"7":0,"
[...]
eturn bool ? '[on] ' : '[off] ';","}","","module.exports = function commands(repl) {","  // '.command' pre 0.11 but 'command' afterwards","","  // remove obsolete .break command","  delete repl.commands['.break'];","  delete repl.commands['break'];","  ","  var clearCommand = repl.commands['.clear'] || repl.commands.clear;","  if(clearCommand) clearCommand.help = 'Break, and also clear the local context';","","  // redefine help to improve printout","  repl.defineCommand('help', {","    help: 'Show this list of repl commands',","    action: function() {","      Object.keys(this.commands)","        .sort()","        .forEach(function(name) {","          var cmd = repl.commands[name]","            , help = cmd.help || ''","            , formattedName = colors.brightBlue(utl.pad(name, 15, ' '));","","          log.print('%s %s\\n', formattedName, help);","        });","      this.displayPrompt();","    }","  });","","  function compactHelp() {","    return currently(config.feed.format.compact) + 'Toggles if code is compacted before being sourced to the repl'; ","  }","","  function updateCompact() {","    log.info('Compact code ' + currently(config.feed.format.compact));","    repl.commands['.compact'].help = compactHelp();","  }","","  repl.defineCommand('compact', {","      help: compactHelp()","    , action: function (param) { ","        switch(param.toLowerCase()) {","          case '': ","            config.feed.format.compact = !config.feed.format.compact;","            updateCompact();","            break;","          case 'on': ","            config.feed.format.compact = true; ","            updateCompact();","            break;","          case 'off': ","            config.feed.format.compact = false; ","            updateCompact();","            break;","          default:","            log.error('Need to supply on or off as argument. Example: .compact on');","        }","        this.displayPrompt();","      }","  });","","  function highlightHelp() {","    return currently(config.highlight) + ","      'Toggles if syntax highlighted code is printed to the repl before being sourced';","  }","","  function updateHighlight() {","    log.info('Syntax highlight code ' + currently(config.highlight));","    repl.commands['.highlight'].help = highlightHelp();","  }","","  repl.defineCommand('highlight', {","      help: highlightHelp() ","    , action: function (param) { ","        switch(param.toLowerCase()) {","          case '': ","            config.highlight = !config.highlight;","            updateHighlight();","            break;","          case 'on': ","            config.highlight = true; ","            updateHighlight();","            break;","          case 'off': ","            config.highlight = false; ","            updateHighlight();","            break;","          default:","            log.error('Need to supply on or off as argument. Example: .highlight on');","        }","        repl.displayPrompt();","      }","  });","","  function depthHelp() {","    return '[' + config.inspect.depth + '] ' +","      'Sets the depth to which an object is traversed when printed to the repl';","  }","    ","  function updateDepth() {","    log.info('Depth [%s]', config.inspect.depth);","    repl.commands['.depth'].help = depthHelp();","  }","","  repl.defineCommand('depth', {","      help: depthHelp() ","    , action: function (depth) { ","        var num;","        if (!depth) {","          log.info('Current inspect depth is: %s. You can set it by supplying a number as argument.', config.inspect.depth);","        } else if (isNaN(num = parseInt(depth, 10))) {","          log.error('Need to supply a number for the depth. Example: .depth 4');","        } else {","          config.inspect.depth = num;","          updateDepth();","        }","        this.displayPrompt();","      }","  });","","  function hiddenHelp() {","    return currently(config.inspect.showHidden) + ","      'Set whether hidden properties are included during traversal of an object that is printed to the repl';","  }","","  function updateHidden() {","    log.info('Show hidden ' + currently(config.inspect.showHidden));","    repl.commands['.hidden'].help = hiddenHelp();","  }","","  repl.defineCommand('hidden', {","      help: hiddenHelp() ","    , action: function (param) { ","        switch(param.toLowerCase()) {","          case '': ","            config.inspect.showHidden = !config.inspect.showHidden;","            updateHidden();","            break;","          case 'on': ","            config.inspect.showHidden = true; ","            updateHidden();","            break;","          case 'off': ","            config.inspect.showHidden = false; ","            updateHidden();","            break;","          default:","            log.error('Need to supply on or off as argument. Example: .hidden on');","        }","        this.displayPrompt();","      }","  });","","  function talkHelp() {","    if (!config.scriptietalkie) config.scriptietalkie = {};","    return currently(config.scriptietalkie.active) + ","      'Toggles whether the file content is evaluated with scriptie-talkie when it is piped to the repl';","  }","","  function updateTalk() {","    if (!config.scriptietalkie) config.scriptietalkie = {};","    log.info('Evaluate piped code with scriptie-talkie ' + currently(config.scriptietalkie.active));","    repl.commands['.talk'].help = talkHelp();","  }","","  repl.defineCommand('talk', {","      help: talkHelp() ","    , action: function (param) { ","        if (!config.scriptietalkie) config.scriptietalkie = {};","        switch(param.toLowerCase()) {","          case '': ","            config.scriptietalkie.active = !config.scriptietalkie.active;","            updateTalk();","            break;","          case 'on': ","            config.scriptietalkie.active = true; ","            updateTalk();","            break;","          case 'off': ","            config.scriptietalkie.active = false; ","            updateTalk();","            break;","          default:","            log.error('Need to supply on or off as argument. Example: .talk on');","        }","        this.displayPrompt();","      }","  });","","  function firstPackageIsGood() { return true }","","  repl.defineCommand('pack', {","    help: 'Load your package.json dependencies and devDependencies into the repl context',","    action: function() {","","      // this may cause multiple packages to be required concurrently and findexquire looking up","      // sources of their dependencies in turn which results in lots of listeneres for process.on('exit') to be registered","      // so we'll set listeners to Infinity","      process.setMaxListeners(0);","","      var res;","      try {","        res = mothership.sync(process.cwd(), firstPackageIsGood)","      } catch (err)  {","        log.sillyln(err);","        return log.error('No package.json found from', process.cwd());","      }","","      var root = path.dirname(res.path)","        , pack = res.pack","        , require_ = findexquire(res.path);","","      log.info('Adding the following local dependencies to the replpad context:');","      Object.keys(pack.dependencies || {})","        .concat(Object.keys(pack.devDependencies || {}))","        .sort()","        .forEach(function(dep){","          var name = dep.replace(/-/g, '_');","          try {","            repl.context[name] = require_(dep);","            log.print(name);","          } catch(err) {","            log.sillyln(err);","            log.warn(format('Unable to load %s', dep));","          }","        })","      this.displayPrompt();","    }","  });","}",""],"l":{"2":1,"13":1,"14":4,"17":1,"21":1,"22":1,"24":1,"25":1,"28":1,"31":0,"34":0,"38":0,"40":0,"44":1,"45":1,"48":1,"49":0,"50":0,"53":1,"56":0,"58":0,"59":0,"60":0,"62":0,"63":0,"64":0,"66":0,"67":0,"68":0,"70":0,"72":0,"76":1,"77":1,"81":1,"82":0,"83":0,"86":1,"89":0,"91":0,"92":0,"93":0,"95":0,"96":0,"97":0,"99":0,"100":0,"101":0,"103":0,"105":0,"109":1,"110":1,"114":1,"115":0,"116":0,"119":1,"122":0,"123":0,"124":0,"125":0,"126":0,"128":0,"129":0,"131":0,"135":1,"136":1,"140":1,"141":0,"142":0,"145":1,"148":0,"150":0,"151":0,"152":0,"154":0,"155":0,"156":0,"158":0,"159":0,"160":0,"162":0,"164":0,"168":1,"169":1,"170":1,"174":1,"175":0,"176":0,"177":0,"180":1,"183":0,"184":0,"186":0,"187":0,"188":0,"190":0,"191":0,"192":0,"194":0,"195":0,"196":0,"198":0,"200":0,"204":1,"206":1,"213":0,"215":0,"216":0,"217":0,"219":0,"220":0,"223":0,"227":0,"228":0,"232":0,"233":0,"234":0,"235":0,"237":0,"238":0,"241":0}},"/home/travis/build/npmtest/node-npmtest-replpad/node_modules/replpad/lib/builtins/src.js":{"path":"/home/travis/build/npmtest/node-npmtest-replpad/node_modules/replpad/lib/builtins/src.js","s":{"1":1,"2":1,"3":1,"4":1,"5":1,"6":1,"7":0,"8":0,"9":0,"10":0,"11":1,"12":0,"13":0,"14":0,"15":0,"16":0,"17":1,"18":1,"19":0,"20":0,"21":0,"22":0,"23":0,"24":0,"25":0,"26":0,"27":0,"28":0,"29":0,"30":0,"31":0,"32":0,"33":0,"34":0,"35":0,"36":0,"37":0,"38":0},"b":{"1":[0,0],"2":[0,0],"3":[0,0],"4":[0,0],"5":[0,0],"6":[0,0],"7":[0,0]},"f":{"1":0,"2":0,"3":1,"4":0,"5":0},"fnMap":{"1":{"name":"newlinesIn","line":8,"loc":{"start":{"line":8,"column":0},"end":{"line":8,"column":25}}},"2":{"name":"getComment","line":15,"loc":{"start":{"line":15,"column":0},"end":{"line":15,"column":42}}},"3":{"name":"plugSrc","line":25,"loc":{"start":{"line":25,"column":17},"end":{"line":25,"column":55}}},"4":{"name":"(anonymous_4)","line":26,"loc":{"start":{"line":26,"column":45},"end":{"line":26,"column":57}}},"5":{"name":"(anonymous_5)","line":38,"loc":{"start":{"line":38,"column":19},"end":{"line":38,"column":34}}}},"statementMap":{"1":{"start":{"line":2,"column":0},"end":{"line":2,"column":49}},"2":{"start":{"line":3,"column":0},"end":{"line":3,"column":51}},"3":{"start":{"line":4,"column":0},"end":{"line":4,"column":43}},"4":{"start":{"line":5,"column":0},"end":{"line":5,"column":41}},"5":{"start":{"line":6,"column":0},"end":{"line":6,"column":37}},"6":{"start":{"line":8,"column":0},"end":{"line":13,"column":1}},"7":{"start":{"line":9,"column":2},"end":{"line":9,"column":21}},"8":{"start":{"line":9,"column":12},"end":{"line":9,"column":21}},"9":{"start":{"line":10,"column":2},"end":{"line":10,"column":34}},"10":{"start":{"line":12,"column":2},"end":{"line":12,"column":40}},"11":{"start":{"line":15,"column":0},"end":{"line":23,"column":1}},"12":{"start":{"line":16,"column":2},"end":{"line":16,"column":42}},"13":{"start":{"line":17,"column":2},"end":{"line":22,"column":3}},"14":{"start":{"line":18,"column":3},"end":{"line":18,"column":39}},"15":{"start":{"line":20,"column":4},"end":{"line":20,"column":19}},"16":{"start":{"line":21,"column":4},"end":{"line":21,"column":16}},"17":{"start":{"line":25,"column":0},"end":{"line":67,"column":2}},"18":{"start":{"line":26,"column":2},"end":{"line":66,"column":5}},"19":{"start":{"line":27,"column":4},"end":{"line":27,"column":35}},"20":{"start":{"line":28,"column":4},"end":{"line":28,"column":43}},"21":{"start":{"line":30,"column":4},"end":{"line":32,"column":18}},"22":{"start":{"line":35,"column":4},"end":{"line":35,"column":61}},"23":{"start":{"line":37,"column":4},"end":{"line":43,"column":5}},"24":{"start":{"line":38,"column":6},"end":{"line":40,"column":9}},"25":{"start":{"line":39,"column":8},"end":{"line":39,"column":84}},"26":{"start":{"line":42,"column":6},"end":{"line":42,"column":57}},"27":{"start":{"line":42,"column":29},"end":{"line":42,"column":57}},"28":{"start":{"line":45,"column":4},"end":{"line":54,"column":5}},"29":{"start":{"line":46,"column":6},"end":{"line":46,"column":56}},"30":{"start":{"line":48,"column":6},"end":{"line":53,"column":7}},"31":{"start":{"line":49,"column":8},"end":{"line":49,"column":47}},"32":{"start":{"line":50,"column":8},"end":{"line":50,"column":37}},"33":{"start":{"line":52,"column":8},"end":{"line":52,"column":27}},"34":{"start":{"line":56,"column":4},"end":{"line":56,"column":63}},"35":{"start":{"line":57,"column":4},"end":{"line":65,"column":5}},"36":{"start":{"line":58,"column":6},"end":{"line":61,"column":8}},"37":{"start":{"line":63,"column":6},"end":{"line":63,"column":21}},"38":{"start":{"line":64,"column":6},"end":{"line":64,"column":66}}},"branchMap":{"1":{"line":9,"type":"if","locations":[{"start":{"line":9,"column":2},"end":{"line":9,"column":2}},{"start":{"line":9,"column":2},"end":{"line":9,"column":2}}]},"2":{"line":12,"type":"cond-expr","locations":[{"start":{"line":12,"column":20},"end":{"line":12,"column":35}},{"start":{"line":12,"column":38},"end":{"line":12,"column":39}}]},"3":{"line":37,"type":"if","locations":[{"start":{"line":37,"column":4},"end":{"line":37,"column":4}},{"start":{"line":37,"column":4},"end":{"line":37,"column":4}}]},"4":{"line":42,"type":"if","locations":[{"start":{"line":42,"column":6},"end":{"line":42,"column":6}},{"start":{"line":42,"column":6},"end":{"line":42,"column":6}}]},"5":{"line":45,"type":"if","locations":[{"start":{"line":45,"column":4},"end":{"line":45,"column":4}},{"start":{"line":45,"column":4},"end":{"line":45,"column":4}}]},"6":{"line":48,"type":"if","locations":[{"start":{"line":48,"column":6},"end":{"line":48,"column":6}},{"start":{"line":48,"column":6},"end":{"line":48,"column":6}}]},"7":{"line":48,"type":"binary-expr","locations":[{"start":{"line":48,"column":10},"end":{"line":48,"column":17}},{"start":{"line":48,"column":21},"end":{"line":48,"column":42}}]}},"code":["'use strict';","var findexquire     =  require('../findexquire');","var functionComment =  require('function-comment');","var cardinal        =  require('cardinal');","var log             =  require('../log');","var fs              =  require('fs');","","function newlinesIn(src) {","  if (!src) return 0;","  var newlines = src.match(/\\n/g);","","  return newlines ? newlines.length : 0;","}","","function getComment (file, fnsrc, lineno) {","  var src = fs.readFileSync(file, 'utf8');","  try {","   return functionComment(src, lineno);","  } catch (e) {","    log.sillyln(e);","    return null;","  }","}","","module.exports = function plugSrc(repl /* not used */) {","  Function.prototype.__defineGetter__('src', function () {","    var fnsrc   =  this.toString();","    var locs    =  findexquire.find(fnsrc);","","    var comment =  ''","      , lineno","      , firstline;","","    // make anonymous functions parsable","    fnsrc = fnsrc.replace(/^function[ ]+\\(/, 'function fn(');","","    if (locs) {","      locs.forEach(function (loc) {","        fnsrc += '\\n// ' + loc.file + ':' + loc.start.line + ':' + loc.start.column;","      });","","      if (locs.length === 1) lineno = locs[0].start.line;","    }","","    if (lineno) {","      comment = getComment(locs[0].file, fnsrc, lineno);","","      if (comment && comment.startline > 0) { ","        fnsrc = comment.comment + '\\n' + fnsrc;","        firstline = comment.startline","      } else {","        firstline = lineno;","      }","    }","","    var lineInfo = { linenos: !!lineno, firstline: firstline };","    try {","      return { ","          __replpad_print_raw__: cardinal.highlight(fnsrc, lineInfo)","        , lineInfo: lineInfo ","      };","    } catch (e) {","      log.sillyln(e);","      return { __replpad_print_raw__: fnsrc, lineInfo: lineInfo };","    }","  });","};",""],"l":{"2":1,"3":1,"4":1,"5":1,"6":1,"8":1,"9":0,"10":0,"12":0,"15":1,"16":0,"17":0,"18":0,"20":0,"21":0,"25":1,"26":1,"27":0,"28":0,"30":0,"35":0,"37":0,"38":0,"39":0,"42":0,"45":0,"46":0,"48":0,"49":0,"50":0,"52":0,"56":0,"57":0,"58":0,"63":0,"64":0}},"/home/travis/build/npmtest/node-npmtest-replpad/node_modules/replpad/lib/builtins/prompt.js":{"path":"/home/travis/build/npmtest/node-npmtest-replpad/node_modules/replpad/lib/builtins/prompt.js","s":{"1":1,"2":1,"3":1,"4":1,"5":0,"6":0,"7":0,"8":0,"9":0},"b":{"1":[1,0]},"f":{"1":1,"2":0,"3":0},"fnMap":{"1":{"name":"managePrompt","line":6,"loc":{"start":{"line":6,"column":17},"end":{"line":6,"column":45}}},"2":{"name":"(anonymous_2)","line":13,"loc":{"start":{"line":13,"column":18},"end":{"line":13,"column":30}}},"3":{"name":"(anonymous_3)","line":18,"loc":{"start":{"line":18,"column":18},"end":{"line":18,"column":30}}}},"statementMap":{"1":{"start":{"line":3,"column":0},"end":{"line":4,"column":35}},"2":{"start":{"line":6,"column":0},"end":{"line":22,"column":2}},"3":{"start":{"line":7,"column":2},"end":{"line":10,"column":5}},"4":{"start":{"line":12,"column":2},"end":{"line":21,"column":7}},"5":{"start":{"line":14,"column":6},"end":{"line":14,"column":27}},"6":{"start":{"line":15,"column":6},"end":{"line":15,"column":45}},"7":{"start":{"line":16,"column":6},"end":{"line":16,"column":23}},"8":{"start":{"line":19,"column":6},"end":{"line":19,"column":27}},"9":{"start":{"line":20,"column":6},"end":{"line":20,"column":23}}},"branchMap":{"1":{"line":8,"type":"binary-expr","locations":[{"start":{"line":8,"column":29},"end":{"line":8,"column":42}},{"start":{"line":8,"column":46},"end":{"line":8,"column":57}}]}},"code":["'use strict';","","var config = require('../../config/current')","  , colors = require('ansicolors');","","module.exports = function managePrompt(repl) {","  var rli = repl.rli","    , prompt = rli._prompt = config.prompt || rli._prompt","    , vimrli = require('../vim-rli')","    ;","  ","  vimrli.vim.events","    .on('normal', function () {","      prompt = rli._prompt;","      rli._prompt = colors.brightRed(prompt);","      rli.prompt(true);","    })","    .on('insert', function () {","      rli._prompt = prompt;","      rli.prompt(true);","    });","};",""],"l":{"3":1,"6":1,"7":1,"12":1,"14":0,"15":0,"16":0,"19":0,"20":0}},"/home/travis/build/npmtest/node-npmtest-replpad/node_modules/replpad/bin/replpad.js":{"path":"/home/travis/build/npmtest/node-npmtest-replpad/node_modules/replpad/bin/replpad.js","s":{"1":1,"2":1,"3":1},"b":{"1":[0,1]},"f":{},"fnMap":{},"statementMap":{"1":{"start":{"line":4,"column":0},"end":{"line":5,"column":27}},"2":{"start":{"line":7,"column":0},"end":{"line":7,"column":74}},"3":{"start":{"line":9,"column":0},"end":{"line":9,"column":16}}},"branchMap":{"1":{"line":7,"type":"cond-expr","locations":[{"start":{"line":7,"column":37},"end":{"line":7,"column":66}},{"start":{"line":7,"column":69},"end":{"line":7,"column":73}}]}},"code":["//#!/usr/bin/env node","","'use strict';","var repreprep = require('..')","  , path = require('path');","","var root = process.argv.length > 2 ? path.resolve(process.argv[2]) : null;","","repreprep(root);",""],"l":{"4":1,"7":1,"9":1}},"/home/travis/build/npmtest/node-npmtest-replpad/node_modules/replpad/lib/vim-rli.js":{"path":"/home/travis/build/npmtest/node-npmtest-replpad/node_modules/replpad/lib/vim-rli.js","s":{"1":1,"2":1,"3":1,"4":1,"5":1,"6":5},"b":{},"f":{"1":1,"2":5},"fnMap":{"1":{"name":"hookVim","line":7,"loc":{"start":{"line":7,"column":17},"end":{"line":7,"column":40}}},"2":{"name":"(anonymous_2)","line":17,"loc":{"start":{"line":17,"column":39},"end":{"line":17,"column":51}}}},"statementMap":{"1":{"start":{"line":3,"column":0},"end":{"line":5,"column":8}},"2":{"start":{"line":7,"column":0},"end":{"line":14,"column":2}},"3":{"start":{"line":8,"column":2},"end":{"line":8,"column":30}},"4":{"start":{"line":13,"column":2},"end":{"line":13,"column":13}},"5":{"start":{"line":17,"column":0},"end":{"line":17,"column":68}},"6":{"start":{"line":17,"column":53},"end":{"line":17,"column":64}}},"branchMap":{},"code":["'use strict';","","var readlineVim =  require('readline-vim')","  , wire = require('./wire')","  , vim;","","module.exports = function hookVim(repl) {","  vim = readlineVim(repl.rli);","","  // TODO: no clue why this doesn't work in here, but inside manage-plugins it does","  // wire.on('emit-code.start', vim.forceInsert.bind(vim));","","  return vim;","}; ","","// needs to be getter since vim is initialized only once bindings are applied","module.exports.__defineGetter__('vim', function () { return vim; });",""],"l":{"3":1,"7":1,"8":1,"13":1,"17":5}}}